#
# There is insufficient memory for the Java Runtime Environment to continue.
# Native memory allocation (malloc) failed to allocate 2097152 bytes. Error detail: AllocateHeap
# Possible reasons:
#   The system is out of physical RAM or swap space
#   This process is running with CompressedOops enabled, and the Java Heap may be blocking the growth of the native heap
# Possible solutions:
#   Reduce memory load on the system
#   Increase physical memory or swap space
#   Check if swap backing store is full
#   Decrease Java heap size (-Xmx/-Xms)
#   Decrease number of Java threads
#   Decrease Java thread stack sizes (-Xss)
#   Set larger code cache with -XX:ReservedCodeCacheSize=
#   JVM is running with Unscaled Compressed Oops mode in which the Java heap is
#     placed in the first 4GB address space. The Java Heap base address is the
#     maximum limit for the native heap growth. Please use -XX:HeapBaseMinAddress
#     to set the Java Heap base and to place the Java Heap above 4GB virtual address.
# This output file may be truncated or incomplete.
#
#  Out of Memory Error (allocation.cpp:44), pid=22224, tid=19276
#
# JRE version: OpenJDK Runtime Environment Temurin-17.0.13+11 (17.0.13+11) (build 17.0.13+11)
# Java VM: OpenJDK 64-Bit Server VM Temurin-17.0.13+11 (17.0.13+11, mixed mode, emulated-client, tiered, compressed oops, compressed class ptrs, g1 gc, windows-amd64)
# No core dump will be written. Minidumps are not enabled by default on client versions of Windows
#

---------------  S U M M A R Y ------------

Command Line: -Xmx1024m -Dsts.lsp.client=vscode -Dsts.log.file=/dev/null -XX:TieredStopAtLevel=1 -Xlog:jni+resolve=off -Dspring.config.location=file:c:\Users\N.Sahan\.vscode\extensions\vmware.vscode-spring-boot-1.56.0\language-server\BOOT-INF\classes\application.properties org.springframework.ide.vscode.boot.app.BootLanguageServerBootApp

Host: Intel(R) Core(TM) i5-10210U CPU @ 1.60GHz, 8 cores, 7G,  Windows 10 , 64 bit Build 19041 (10.0.19041.5072)
Time: Fri Jan 10 13:03:12 2025 Sri Lanka Standard Time elapsed time: 45734.331338 seconds (0d 12h 42m 14s)

---------------  T H R E A D  ---------------

Current thread (0x00000185f650e1b0):  VMThread "VM Thread" [stack: 0x0000003d75000000,0x0000003d75100000] [id=19276]

Stack: [0x0000003d75000000,0x0000003d75100000]
Native frames: (J=compiled Java code, j=interpreted, Vv=VM code, C=native code)
V  [jvm.dll+0x682a19]
V  [jvm.dll+0x839538]
V  [jvm.dll+0x83afe3]
V  [jvm.dll+0x83b653]
V  [jvm.dll+0x24704f]
V  [jvm.dll+0xa7543]
V  [jvm.dll+0x2f62d1]
V  [jvm.dll+0x2f2000]
V  [jvm.dll+0x2da6df]
V  [jvm.dll+0x31d1e7]
V  [jvm.dll+0x83fe8d]
V  [jvm.dll+0x840bc3]
V  [jvm.dll+0x8410ef]
V  [jvm.dll+0x8414d4]
V  [jvm.dll+0x84159e]
V  [jvm.dll+0x7e8ffc]
V  [jvm.dll+0x6818f7]
C  [ucrtbase.dll+0x21bb2]
C  [KERNEL32.DLL+0x17374]
C  [ntdll.dll+0x4cc91]

VM_Operation (0x0000003d768fef90): G1CollectFull, mode: safepoint, requested by thread 0x00000185fc5c2d60


---------------  P R O C E S S  ---------------

Threads class SMR info:
_java_thread_list=0x00000185fd3f6770, length=28, elements={
0x00000185f6523730, 0x00000185f65255c0, 0x00000185f6668490, 0x00000185f666b220,
0x00000185f666cbf0, 0x00000185f666d5b0, 0x00000185f655bd50, 0x00000185f655df00,
0x00000185f686cb40, 0x00000185f686d470, 0x00000185fc557860, 0x00000185fc5c2d60,
0x00000185fc5c3240, 0x00000185e961e8b0, 0x00000185fc690870, 0x00000185fc6c6a40,
0x00000185fc6e54b0, 0x00000185fc6e4070, 0x00000185fc6e59c0, 0x00000185fc6e63e0,
0x00000185fc6e4580, 0x00000185fc6e6e00, 0x00000185fc6e3650, 0x00000185fc793890,
0x00000185fc796110, 0x00000185fc790b00, 0x00000185fc797040, 0x00000185fc797a60
}

Java Threads: ( => current thread )
  0x00000185f6523730 JavaThread "Reference Handler" daemon [_thread_blocked, id=5900, stack(0x0000003d75100000,0x0000003d75200000)]
  0x00000185f65255c0 JavaThread "Finalizer" daemon [_thread_blocked, id=16652, stack(0x0000003d75200000,0x0000003d75300000)]
  0x00000185f6668490 JavaThread "Signal Dispatcher" daemon [_thread_blocked, id=10120, stack(0x0000003d75300000,0x0000003d75400000)]
  0x00000185f666b220 JavaThread "Attach Listener" daemon [_thread_blocked, id=5296, stack(0x0000003d75400000,0x0000003d75500000)]
  0x00000185f666cbf0 JavaThread "Service Thread" daemon [_thread_blocked, id=6800, stack(0x0000003d75500000,0x0000003d75600000)]
  0x00000185f666d5b0 JavaThread "Monitor Deflation Thread" daemon [_thread_blocked, id=18636, stack(0x0000003d75600000,0x0000003d75700000)]
  0x00000185f655bd50 JavaThread "C1 CompilerThread0" daemon [_thread_blocked, id=18296, stack(0x0000003d75700000,0x0000003d75800000)]
  0x00000185f655df00 JavaThread "Sweeper thread" daemon [_thread_blocked, id=20692, stack(0x0000003d75800000,0x0000003d75900000)]
  0x00000185f686cb40 JavaThread "Notification Thread" daemon [_thread_blocked, id=14020, stack(0x0000003d75900000,0x0000003d75a00000)]
  0x00000185f686d470 JavaThread "Common-Cleaner" daemon [_thread_blocked, id=9052, stack(0x0000003d75b00000,0x0000003d75c00000)]
  0x00000185fc557860 JavaThread "boundedElastic-evictor-1" daemon [_thread_blocked, id=15504, stack(0x0000003d76400000,0x0000003d76500000)]
  0x00000185fc5c2d60 JavaThread "pool-13-thread-1" [_thread_blocked, id=15592, stack(0x0000003d76800000,0x0000003d76900000)]
  0x00000185fc5c3240 JavaThread "LanguageServerApp-lifecycle" [_thread_blocked, id=14676, stack(0x0000003d76900000,0x0000003d76a00000)]
  0x00000185e961e8b0 JavaThread "DestroyJavaVM" [_thread_blocked, id=9332, stack(0x0000003d74a00000,0x0000003d74b00000)]
  0x00000185fc690870 JavaThread "pool-14-thread-1" [_thread_in_native, id=20364, stack(0x0000003d76a00000,0x0000003d76b00000)]
  0x00000185fc6c6a40 JavaThread "Simple-Language-Server main thread" daemon [_thread_blocked, id=4140, stack(0x0000003d76b00000,0x0000003d76c00000)]
  0x00000185fc6e54b0 JavaThread "pool-8-thread-1" [_thread_blocked, id=20404, stack(0x0000003d76e00000,0x0000003d76f00000)]
  0x00000185fc6e4070 JavaThread "parallel-1" daemon [_thread_blocked, id=1728, stack(0x0000003d76f00000,0x0000003d77000000)]
  0x00000185fc6e59c0 JavaThread "pool-6-thread-1" [_thread_blocked, id=4964, stack(0x0000003d77000000,0x0000003d77100000)]
  0x00000185fc6e63e0 JavaThread "parallel-2" daemon [_thread_blocked, id=20868, stack(0x0000003d77100000,0x0000003d77200000)]
  0x00000185fc6e4580 JavaThread "parallel-3" daemon [_thread_blocked, id=8048, stack(0x0000003d77200000,0x0000003d77300000)]
  0x00000185fc6e6e00 JavaThread "parallel-4" daemon [_thread_blocked, id=10628, stack(0x0000003d77800000,0x0000003d77900000)]
  0x00000185fc6e3650 JavaThread "parallel-5" daemon [_thread_blocked, id=8788, stack(0x0000003d77900000,0x0000003d77a00000)]
  0x00000185fc793890 JavaThread "Reconciler-1" daemon [_thread_blocked, id=21336, stack(0x0000003d77b00000,0x0000003d77c00000)]
  0x00000185fc796110 JavaThread "parallel-6" daemon [_thread_blocked, id=22056, stack(0x0000003d75c00000,0x0000003d75d00000)]
  0x00000185fc790b00 JavaThread "parallel-7" daemon [_thread_blocked, id=18092, stack(0x0000003d76c00000,0x0000003d76d00000)]
  0x00000185fc797040 JavaThread "parallel-8" daemon [_thread_blocked, id=76, stack(0x0000003d76d00000,0x0000003d76e00000)]
  0x00000185fc797a60 JavaThread "CompletableFutureDelayScheduler" daemon [_thread_blocked, id=20016, stack(0x0000003d77500000,0x0000003d77600000)]

Other Threads:
=>0x00000185f650e1b0 VMThread "VM Thread" [stack: 0x0000003d75000000,0x0000003d75100000] [id=19276]
  0x00000185f686d020 WatcherThread [stack: 0x0000003d75a00000,0x0000003d75b00000] [id=19624]
  0x00000185e973ab10 GCTaskThread "GC Thread#0" [stack: 0x0000003d74b00000,0x0000003d74c00000] [id=17324]
  0x00000185fb7fe810 GCTaskThread "GC Thread#1" [stack: 0x0000003d75d00000,0x0000003d75e00000] [id=6072]
  0x00000185fb7fead0 GCTaskThread "GC Thread#2" [stack: 0x0000003d75e00000,0x0000003d75f00000] [id=17248]
  0x00000185fb86c060 GCTaskThread "GC Thread#3" [stack: 0x0000003d75f00000,0x0000003d76000000] [id=20556]
  0x00000185fbb0feb0 GCTaskThread "GC Thread#4" [stack: 0x0000003d76000000,0x0000003d76100000] [id=19180]
  0x00000185fbb10170 GCTaskThread "GC Thread#5" [stack: 0x0000003d76100000,0x0000003d76200000] [id=4768]
  0x00000185fbcd53d0 GCTaskThread "GC Thread#6" [stack: 0x0000003d76500000,0x0000003d76600000] [id=7412]
  0x00000185fbcd0400 GCTaskThread "GC Thread#7" [stack: 0x0000003d76600000,0x0000003d76700000] [id=20992]
  0x00000185e9743a70 ConcurrentGCThread "G1 Main Marker" [stack: 0x0000003d74c00000,0x0000003d74d00000] [id=21108]
  0x00000185e9744490 ConcurrentGCThread "G1 Conc#0" [stack: 0x0000003d74d00000,0x0000003d74e00000] [id=17876]
  0x00000185fbe00e00 ConcurrentGCThread "G1 Conc#1" [stack: 0x0000003d76700000,0x0000003d76800000] [id=15816]
  0x00000185f63800a0 ConcurrentGCThread "G1 Refine#0" [stack: 0x0000003d74e00000,0x0000003d74f00000] [id=20196]
  0x00000185f6380ad0 ConcurrentGCThread "G1 Service" [stack: 0x0000003d74f00000,0x0000003d75000000] [id=4300]

Threads with active compile tasks:

VM state: at safepoint (normal execution)

VM Mutex/Monitor currently owned by a thread:  ([mutex/lock_event])
[0x00000185e955e950] Threads_lock - owner thread: 0x00000185f650e1b0
[0x00000185e96fb1f0] Heap_lock - owner thread: 0x00000185fc5c2d60

Heap address: 0x00000000c0000000, size: 1024 MB, Compressed Oops mode: 32-bit

CDS archive(s) not mapped
Compressed class space mapped at: 0x0000000100000000-0x0000000140000000, reserved size: 1073741824
Narrow klass base: 0x0000000000000000, Narrow klass shift: 3, Narrow klass range: 0x140000000

GC Precious Log:
 CPUs: 8 total, 8 available
 Memory: 8042M
 Large Page Support: Disabled
 NUMA Support: Disabled
 Compressed Oops: Enabled (32-bit)
 Heap Region Size: 1M
 Heap Min Capacity: 8M
 Heap Initial Capacity: 126M
 Heap Max Capacity: 1G
 Pre-touch: Disabled
 Parallel Workers: 8
 Concurrent Workers: 2
 Concurrent Refinement Workers: 8
 Periodic GC: Disabled

Heap:
 garbage-first heap   total 133120K, used 39363K [0x00000000c0000000, 0x0000000100000000)
  region size 1024K, 1 young (1024K), 0 survivors (0K)
 Metaspace       used 62472K, committed 62976K, reserved 1114112K
  class space    used 7647K, committed 7872K, reserved 1048576K

Heap Regions: E=young(eden), S=young(survivor), O=old, HS=humongous(starts), HC=humongous(continues), CS=collection set, F=free, OA=open archive, CA=closed archive, TAMS=top-at-mark-start (previous, next)
|   0|0x00000000c0000000, 0x00000000c0100000, 0x00000000c0100000|100%|HS|  |TAMS 0x00000000c0100000, 0x00000000c0000000| Untracked 
|   1|0x00000000c0100000, 0x00000000c0200000, 0x00000000c0200000|100%|HC|  |TAMS 0x00000000c0200000, 0x00000000c0100000| Untracked 
|   2|0x00000000c0200000, 0x00000000c0300000, 0x00000000c0300000|100%|HC|  |TAMS 0x00000000c0300000, 0x00000000c0200000| Untracked 
|   3|0x00000000c0300000, 0x00000000c0400000, 0x00000000c0400000|100%|HC|  |TAMS 0x00000000c0400000, 0x00000000c0300000| Untracked 
|   4|0x00000000c0400000, 0x00000000c0500000, 0x00000000c0500000|100%|HS|  |TAMS 0x00000000c0500000, 0x00000000c0400000| Untracked 
|   5|0x00000000c0500000, 0x00000000c0600000, 0x00000000c0600000|100%|HC|  |TAMS 0x00000000c0600000, 0x00000000c0500000| Untracked 
|   6|0x00000000c0600000, 0x00000000c0700000, 0x00000000c0700000|100%| O|  |TAMS 0x00000000c0700000, 0x00000000c0600000| Untracked 
|   7|0x00000000c0700000, 0x00000000c0800000, 0x00000000c0800000|100%| O|  |TAMS 0x00000000c0800000, 0x00000000c0700000| Untracked 
|   8|0x00000000c0800000, 0x00000000c0900000, 0x00000000c0900000|100%| O|  |TAMS 0x00000000c0900000, 0x00000000c0800000| Untracked 
|   9|0x00000000c0900000, 0x00000000c09fffd8, 0x00000000c0a00000| 99%| O|  |TAMS 0x00000000c09fffd8, 0x00000000c0900000| Untracked 
|  10|0x00000000c0a00000, 0x00000000c0affff0, 0x00000000c0b00000| 99%| O|  |TAMS 0x00000000c0affff0, 0x00000000c0a00000| Untracked 
|  11|0x00000000c0b00000, 0x00000000c0c00000, 0x00000000c0c00000|100%| O|  |TAMS 0x00000000c0c00000, 0x00000000c0b00000| Untracked 
|  12|0x00000000c0c00000, 0x00000000c0cfffd8, 0x00000000c0d00000| 99%| O|  |TAMS 0x00000000c0cfffd8, 0x00000000c0c00000| Untracked 
|  13|0x00000000c0d00000, 0x00000000c0dfe4d0, 0x00000000c0e00000| 99%| O|  |TAMS 0x00000000c0dfe4d0, 0x00000000c0d00000| Untracked 
|  14|0x00000000c0e00000, 0x00000000c0effff8, 0x00000000c0f00000| 99%| O|  |TAMS 0x00000000c0effff8, 0x00000000c0e00000| Untracked 
|  15|0x00000000c0f00000, 0x00000000c0ffffe8, 0x00000000c1000000| 99%| O|  |TAMS 0x00000000c0ffffe8, 0x00000000c0f00000| Untracked 
|  16|0x00000000c1000000, 0x00000000c10ffff0, 0x00000000c1100000| 99%| O|  |TAMS 0x00000000c10ffff0, 0x00000000c1000000| Untracked 
|  17|0x00000000c1100000, 0x00000000c11fffd8, 0x00000000c1200000| 99%| O|  |TAMS 0x00000000c11fffd8, 0x00000000c1100000| Untracked 
|  18|0x00000000c1200000, 0x00000000c12ffff8, 0x00000000c1300000| 99%| O|  |TAMS 0x00000000c12ffff8, 0x00000000c1200000| Untracked 
|  19|0x00000000c1300000, 0x00000000c13fff90, 0x00000000c1400000| 99%| O|  |TAMS 0x00000000c13fff90, 0x00000000c1300000| Untracked 
|  20|0x00000000c1400000, 0x00000000c14fffd0, 0x00000000c1500000| 99%| O|  |TAMS 0x00000000c14fffd0, 0x00000000c1400000| Untracked 
|  21|0x00000000c1500000, 0x00000000c15fffe8, 0x00000000c1600000| 99%| O|  |TAMS 0x00000000c15fffe8, 0x00000000c1500000| Untracked 
|  22|0x00000000c1600000, 0x00000000c16f9df8, 0x00000000c1700000| 97%| O|  |TAMS 0x00000000c16f9df8, 0x00000000c1600000| Untracked 
|  23|0x00000000c1700000, 0x00000000c17f6720, 0x00000000c1800000| 96%| O|  |TAMS 0x00000000c17f6720, 0x00000000c1700000| Untracked 
|  24|0x00000000c1800000, 0x00000000c18fe2e0, 0x00000000c1900000| 99%| O|  |TAMS 0x00000000c18fe2e0, 0x00000000c1800000| Untracked 
|  25|0x00000000c1900000, 0x00000000c19ffff0, 0x00000000c1a00000| 99%| O|  |TAMS 0x00000000c19ffff0, 0x00000000c1900000| Untracked 
|  26|0x00000000c1a00000, 0x00000000c1afffc8, 0x00000000c1b00000| 99%| O|  |TAMS 0x00000000c1afffc8, 0x00000000c1a00000| Untracked 
|  27|0x00000000c1b00000, 0x00000000c1bfffe0, 0x00000000c1c00000| 99%| O|  |TAMS 0x00000000c1bfffe0, 0x00000000c1b00000| Untracked 
|  28|0x00000000c1c00000, 0x00000000c1cfff50, 0x00000000c1d00000| 99%| O|  |TAMS 0x00000000c1cfff50, 0x00000000c1c00000| Untracked 
|  29|0x00000000c1d00000, 0x00000000c1dbcf50, 0x00000000c1e00000| 73%| O|  |TAMS 0x00000000c1d00000, 0x00000000c1d00000| Untracked 
|  30|0x00000000c1e00000, 0x00000000c1effff0, 0x00000000c1f00000| 99%| O|  |TAMS 0x00000000c1effff0, 0x00000000c1e00000| Untracked 
|  31|0x00000000c1f00000, 0x00000000c1ff6de8, 0x00000000c2000000| 96%| O|  |TAMS 0x00000000c1ff6de8, 0x00000000c1f00000| Untracked 
|  32|0x00000000c2000000, 0x00000000c2100000, 0x00000000c2100000|100%|HS|  |TAMS 0x00000000c2100000, 0x00000000c2000000| Untracked 
|  33|0x00000000c2100000, 0x00000000c2200000, 0x00000000c2200000|100%|HS|  |TAMS 0x00000000c2200000, 0x00000000c2100000| Untracked 
|  34|0x00000000c2200000, 0x00000000c22ffff8, 0x00000000c2300000| 99%| O|  |TAMS 0x00000000c22ffff8, 0x00000000c2200000| Untracked 
|  35|0x00000000c2300000, 0x00000000c23f64d8, 0x00000000c2400000| 96%| O|  |TAMS 0x00000000c23f64d8, 0x00000000c2300000| Untracked 
|  36|0x00000000c2400000, 0x00000000c24da300, 0x00000000c2500000| 85%| O|  |TAMS 0x00000000c2400000, 0x00000000c2400000| Untracked 
|  37|0x00000000c2500000, 0x00000000c2500000, 0x00000000c2600000|  0%| F|  |TAMS 0x00000000c2500000, 0x00000000c2500000| Untracked 
|  38|0x00000000c2600000, 0x00000000c2600000, 0x00000000c2700000|  0%| F|  |TAMS 0x00000000c2600000, 0x00000000c2600000| Untracked 
|  39|0x00000000c2700000, 0x00000000c2700000, 0x00000000c2800000|  0%| F|  |TAMS 0x00000000c2700000, 0x00000000c2700000| Untracked 
|  40|0x00000000c2800000, 0x00000000c2800000, 0x00000000c2900000|  0%| F|  |TAMS 0x00000000c2800000, 0x00000000c2800000| Untracked 
|  41|0x00000000c2900000, 0x00000000c2900000, 0x00000000c2a00000|  0%| F|  |TAMS 0x00000000c2900000, 0x00000000c2900000| Untracked 
|  42|0x00000000c2a00000, 0x00000000c2a00000, 0x00000000c2b00000|  0%| F|  |TAMS 0x00000000c2a00000, 0x00000000c2a00000| Untracked 
|  43|0x00000000c2b00000, 0x00000000c2b00000, 0x00000000c2c00000|  0%| F|  |TAMS 0x00000000c2b00000, 0x00000000c2b00000| Untracked 
|  44|0x00000000c2c00000, 0x00000000c2c00000, 0x00000000c2d00000|  0%| F|  |TAMS 0x00000000c2c00000, 0x00000000c2c00000| Untracked 
|  45|0x00000000c2d00000, 0x00000000c2d00000, 0x00000000c2e00000|  0%| F|  |TAMS 0x00000000c2d00000, 0x00000000c2d00000| Untracked 
|  46|0x00000000c2e00000, 0x00000000c2e00000, 0x00000000c2f00000|  0%| F|  |TAMS 0x00000000c2e00000, 0x00000000c2e00000| Untracked 
|  47|0x00000000c2f00000, 0x00000000c2f00000, 0x00000000c3000000|  0%| F|  |TAMS 0x00000000c2f00000, 0x00000000c2f00000| Untracked 
|  48|0x00000000c3000000, 0x00000000c3000000, 0x00000000c3100000|  0%| F|  |TAMS 0x00000000c3000000, 0x00000000c3000000| Untracked 
|  49|0x00000000c3100000, 0x00000000c3100000, 0x00000000c3200000|  0%| F|  |TAMS 0x00000000c3100000, 0x00000000c3100000| Untracked 
|  50|0x00000000c3200000, 0x00000000c3200000, 0x00000000c3300000|  0%| F|  |TAMS 0x00000000c3200000, 0x00000000c3200000| Untracked 
|  51|0x00000000c3300000, 0x00000000c3300000, 0x00000000c3400000|  0%| F|  |TAMS 0x00000000c3300000, 0x00000000c3300000| Untracked 
|  52|0x00000000c3400000, 0x00000000c3400000, 0x00000000c3500000|  0%| F|  |TAMS 0x00000000c3400000, 0x00000000c3400000| Untracked 
|  53|0x00000000c3500000, 0x00000000c3500000, 0x00000000c3600000|  0%| F|  |TAMS 0x00000000c3500000, 0x00000000c3500000| Untracked 
|  54|0x00000000c3600000, 0x00000000c3600000, 0x00000000c3700000|  0%| F|  |TAMS 0x00000000c3600000, 0x00000000c3600000| Untracked 
|  55|0x00000000c3700000, 0x00000000c3700000, 0x00000000c3800000|  0%| F|  |TAMS 0x00000000c3700000, 0x00000000c3700000| Untracked 
|  56|0x00000000c3800000, 0x00000000c3800000, 0x00000000c3900000|  0%| F|  |TAMS 0x00000000c3800000, 0x00000000c3800000| Untracked 
|  57|0x00000000c3900000, 0x00000000c3900000, 0x00000000c3a00000|  0%| F|  |TAMS 0x00000000c3900000, 0x00000000c3900000| Untracked 
|  58|0x00000000c3a00000, 0x00000000c3a00000, 0x00000000c3b00000|  0%| F|  |TAMS 0x00000000c3a00000, 0x00000000c3a00000| Untracked 
|  59|0x00000000c3b00000, 0x00000000c3b00000, 0x00000000c3c00000|  0%| F|  |TAMS 0x00000000c3b00000, 0x00000000c3b00000| Untracked 
|  60|0x00000000c3c00000, 0x00000000c3c00000, 0x00000000c3d00000|  0%| F|  |TAMS 0x00000000c3c00000, 0x00000000c3c00000| Untracked 
|  61|0x00000000c3d00000, 0x00000000c3d00000, 0x00000000c3e00000|  0%| F|  |TAMS 0x00000000c3d00000, 0x00000000c3d00000| Untracked 
|  62|0x00000000c3e00000, 0x00000000c3e00000, 0x00000000c3f00000|  0%| F|  |TAMS 0x00000000c3e00000, 0x00000000c3e00000| Untracked 
|  63|0x00000000c3f00000, 0x00000000c3f00000, 0x00000000c4000000|  0%| F|  |TAMS 0x00000000c3f00000, 0x00000000c3f00000| Untracked 
|  64|0x00000000c4000000, 0x00000000c4000000, 0x00000000c4100000|  0%| F|  |TAMS 0x00000000c4000000, 0x00000000c4000000| Untracked 
|  65|0x00000000c4100000, 0x00000000c4100000, 0x00000000c4200000|  0%| F|  |TAMS 0x00000000c4100000, 0x00000000c4100000| Untracked 
|  66|0x00000000c4200000, 0x00000000c4200000, 0x00000000c4300000|  0%| F|  |TAMS 0x00000000c4200000, 0x00000000c4200000| Untracked 
|  67|0x00000000c4300000, 0x00000000c4300000, 0x00000000c4400000|  0%| F|  |TAMS 0x00000000c4300000, 0x00000000c4300000| Untracked 
|  68|0x00000000c4400000, 0x00000000c4400000, 0x00000000c4500000|  0%| F|  |TAMS 0x00000000c4400000, 0x00000000c4400000| Untracked 
|  69|0x00000000c4500000, 0x00000000c4500000, 0x00000000c4600000|  0%| F|  |TAMS 0x00000000c4500000, 0x00000000c4500000| Untracked 
|  70|0x00000000c4600000, 0x00000000c4600000, 0x00000000c4700000|  0%| F|  |TAMS 0x00000000c4600000, 0x00000000c4600000| Untracked 
|  71|0x00000000c4700000, 0x00000000c4700000, 0x00000000c4800000|  0%| F|  |TAMS 0x00000000c4700000, 0x00000000c4700000| Untracked 
|  72|0x00000000c4800000, 0x00000000c4800000, 0x00000000c4900000|  0%| F|  |TAMS 0x00000000c4800000, 0x00000000c4800000| Untracked 
|  73|0x00000000c4900000, 0x00000000c4900000, 0x00000000c4a00000|  0%| F|  |TAMS 0x00000000c4900000, 0x00000000c4900000| Untracked 
|  74|0x00000000c4a00000, 0x00000000c4a00000, 0x00000000c4b00000|  0%| F|  |TAMS 0x00000000c4a00000, 0x00000000c4a00000| Untracked 
|  75|0x00000000c4b00000, 0x00000000c4b00000, 0x00000000c4c00000|  0%| F|  |TAMS 0x00000000c4b00000, 0x00000000c4b00000| Untracked 
|  76|0x00000000c4c00000, 0x00000000c4c00000, 0x00000000c4d00000|  0%| F|  |TAMS 0x00000000c4c00000, 0x00000000c4c00000| Untracked 
|  77|0x00000000c4d00000, 0x00000000c4d00000, 0x00000000c4e00000|  0%| F|  |TAMS 0x00000000c4d00000, 0x00000000c4d00000| Untracked 
|  78|0x00000000c4e00000, 0x00000000c4e00000, 0x00000000c4f00000|  0%| F|  |TAMS 0x00000000c4e00000, 0x00000000c4e00000| Untracked 
|  79|0x00000000c4f00000, 0x00000000c4f00000, 0x00000000c5000000|  0%| F|  |TAMS 0x00000000c4f00000, 0x00000000c4f00000| Untracked 
|  80|0x00000000c5000000, 0x00000000c5000000, 0x00000000c5100000|  0%| F|  |TAMS 0x00000000c5000000, 0x00000000c5000000| Untracked 
|  81|0x00000000c5100000, 0x00000000c5100000, 0x00000000c5200000|  0%| F|  |TAMS 0x00000000c5100000, 0x00000000c5100000| Untracked 
|  82|0x00000000c5200000, 0x00000000c5200000, 0x00000000c5300000|  0%| F|  |TAMS 0x00000000c5200000, 0x00000000c5200000| Untracked 
|  83|0x00000000c5300000, 0x00000000c5300000, 0x00000000c5400000|  0%| F|  |TAMS 0x00000000c5300000, 0x00000000c5300000| Untracked 
|  84|0x00000000c5400000, 0x00000000c5400000, 0x00000000c5500000|  0%| F|  |TAMS 0x00000000c5400000, 0x00000000c5400000| Untracked 
|  85|0x00000000c5500000, 0x00000000c5500000, 0x00000000c5600000|  0%| F|  |TAMS 0x00000000c5500000, 0x00000000c5500000| Untracked 
|  86|0x00000000c5600000, 0x00000000c5600000, 0x00000000c5700000|  0%| F|  |TAMS 0x00000000c5600000, 0x00000000c5600000| Untracked 
|  87|0x00000000c5700000, 0x00000000c5700000, 0x00000000c5800000|  0%| F|  |TAMS 0x00000000c5700000, 0x00000000c5700000| Untracked 
|  88|0x00000000c5800000, 0x00000000c5800000, 0x00000000c5900000|  0%| F|  |TAMS 0x00000000c5800000, 0x00000000c5800000| Untracked 
|  89|0x00000000c5900000, 0x00000000c5900000, 0x00000000c5a00000|  0%| F|  |TAMS 0x00000000c5900000, 0x00000000c5900000| Untracked 
|  90|0x00000000c5a00000, 0x00000000c5a00000, 0x00000000c5b00000|  0%| F|  |TAMS 0x00000000c5a00000, 0x00000000c5a00000| Untracked 
|  91|0x00000000c5b00000, 0x00000000c5b00000, 0x00000000c5c00000|  0%| F|  |TAMS 0x00000000c5b00000, 0x00000000c5b00000| Untracked 
|  92|0x00000000c5c00000, 0x00000000c5c00000, 0x00000000c5d00000|  0%| F|  |TAMS 0x00000000c5c00000, 0x00000000c5c00000| Untracked 
|  93|0x00000000c5d00000, 0x00000000c5d00000, 0x00000000c5e00000|  0%| F|  |TAMS 0x00000000c5d00000, 0x00000000c5d00000| Untracked 
|  94|0x00000000c5e00000, 0x00000000c5e00000, 0x00000000c5f00000|  0%| F|  |TAMS 0x00000000c5e00000, 0x00000000c5e00000| Untracked 
|  95|0x00000000c5f00000, 0x00000000c5f00000, 0x00000000c6000000|  0%| F|  |TAMS 0x00000000c5f00000, 0x00000000c5f00000| Untracked 
|  96|0x00000000c6000000, 0x00000000c6000000, 0x00000000c6100000|  0%| F|  |TAMS 0x00000000c6000000, 0x00000000c6000000| Untracked 
|  97|0x00000000c6100000, 0x00000000c6100000, 0x00000000c6200000|  0%| F|  |TAMS 0x00000000c6100000, 0x00000000c6100000| Untracked 
|  98|0x00000000c6200000, 0x00000000c6200000, 0x00000000c6300000|  0%| F|  |TAMS 0x00000000c6200000, 0x00000000c6200000| Untracked 
|  99|0x00000000c6300000, 0x00000000c6300000, 0x00000000c6400000|  0%| F|  |TAMS 0x00000000c6300000, 0x00000000c6300000| Untracked 
| 100|0x00000000c6400000, 0x00000000c6400000, 0x00000000c6500000|  0%| F|  |TAMS 0x00000000c6400000, 0x00000000c6400000| Untracked 
| 101|0x00000000c6500000, 0x00000000c6500000, 0x00000000c6600000|  0%| F|  |TAMS 0x00000000c6500000, 0x00000000c6500000| Untracked 
| 102|0x00000000c6600000, 0x00000000c6600000, 0x00000000c6700000|  0%| F|  |TAMS 0x00000000c6600000, 0x00000000c6600000| Untracked 
| 103|0x00000000c6700000, 0x00000000c6700000, 0x00000000c6800000|  0%| F|  |TAMS 0x00000000c6700000, 0x00000000c6700000| Untracked 
| 104|0x00000000c6800000, 0x00000000c6800000, 0x00000000c6900000|  0%| F|  |TAMS 0x00000000c6800000, 0x00000000c6800000| Untracked 
| 105|0x00000000c6900000, 0x00000000c6900000, 0x00000000c6a00000|  0%| F|  |TAMS 0x00000000c6900000, 0x00000000c6900000| Untracked 
| 106|0x00000000c6a00000, 0x00000000c6a00000, 0x00000000c6b00000|  0%| F|  |TAMS 0x00000000c6a00000, 0x00000000c6a00000| Untracked 
| 107|0x00000000c6b00000, 0x00000000c6b00000, 0x00000000c6c00000|  0%| F|  |TAMS 0x00000000c6b00000, 0x00000000c6b00000| Untracked 
| 108|0x00000000c6c00000, 0x00000000c6c00000, 0x00000000c6d00000|  0%| F|  |TAMS 0x00000000c6c00000, 0x00000000c6c00000| Untracked 
| 109|0x00000000c6d00000, 0x00000000c6d00000, 0x00000000c6e00000|  0%| F|  |TAMS 0x00000000c6d00000, 0x00000000c6d00000| Untracked 
| 110|0x00000000c6e00000, 0x00000000c6e00000, 0x00000000c6f00000|  0%| F|  |TAMS 0x00000000c6e00000, 0x00000000c6e00000| Untracked 
| 111|0x00000000c6f00000, 0x00000000c6f00000, 0x00000000c7000000|  0%| F|  |TAMS 0x00000000c6f00000, 0x00000000c6f00000| Untracked 
| 112|0x00000000c7000000, 0x00000000c7000000, 0x00000000c7100000|  0%| F|  |TAMS 0x00000000c7000000, 0x00000000c7000000| Untracked 
| 113|0x00000000c7100000, 0x00000000c7100000, 0x00000000c7200000|  0%| F|  |TAMS 0x00000000c7100000, 0x00000000c7100000| Untracked 
| 114|0x00000000c7200000, 0x00000000c7200000, 0x00000000c7300000|  0%| F|  |TAMS 0x00000000c7200000, 0x00000000c7200000| Untracked 
| 115|0x00000000c7300000, 0x00000000c7300000, 0x00000000c7400000|  0%| F|  |TAMS 0x00000000c7300000, 0x00000000c7300000| Untracked 
| 116|0x00000000c7400000, 0x00000000c7400000, 0x00000000c7500000|  0%| F|  |TAMS 0x00000000c7400000, 0x00000000c7400000| Untracked 
| 117|0x00000000c7500000, 0x00000000c7500000, 0x00000000c7600000|  0%| F|  |TAMS 0x00000000c7500000, 0x00000000c7500000| Untracked 
| 118|0x00000000c7600000, 0x00000000c7600000, 0x00000000c7700000|  0%| F|  |TAMS 0x00000000c7600000, 0x00000000c7600000| Untracked 
| 119|0x00000000c7700000, 0x00000000c7700000, 0x00000000c7800000|  0%| F|  |TAMS 0x00000000c7700000, 0x00000000c7700000| Untracked 
| 120|0x00000000c7800000, 0x00000000c7800000, 0x00000000c7900000|  0%| F|  |TAMS 0x00000000c7800000, 0x00000000c7800000| Untracked 
| 121|0x00000000c7900000, 0x00000000c7900000, 0x00000000c7a00000|  0%| F|  |TAMS 0x00000000c7900000, 0x00000000c7900000| Untracked 
| 122|0x00000000c7a00000, 0x00000000c7a00000, 0x00000000c7b00000|  0%| F|  |TAMS 0x00000000c7a00000, 0x00000000c7a00000| Untracked 
| 123|0x00000000c7b00000, 0x00000000c7b00000, 0x00000000c7c00000|  0%| F|  |TAMS 0x00000000c7b00000, 0x00000000c7b00000| Untracked 
| 124|0x00000000c7c00000, 0x00000000c7c00000, 0x00000000c7d00000|  0%| F|  |TAMS 0x00000000c7c00000, 0x00000000c7c00000| Untracked 
| 125|0x00000000c7d00000, 0x00000000c7d00000, 0x00000000c7e00000|  0%| F|  |TAMS 0x00000000c7d00000, 0x00000000c7d00000| Untracked 
| 126|0x00000000c7e00000, 0x00000000c7e00000, 0x00000000c7f00000|  0%| F|  |TAMS 0x00000000c7e00000, 0x00000000c7e00000| Untracked 
| 127|0x00000000c7f00000, 0x00000000c7f058a8, 0x00000000c8000000|  2%| E|  |TAMS 0x00000000c7f00000, 0x00000000c7f00000| Complete 
| 151|0x00000000c9700000, 0x00000000c9800000, 0x00000000c9800000|100%| O|  |TAMS 0x00000000c9800000, 0x00000000c9700000| Untracked 
| 152|0x00000000c9800000, 0x00000000c9900000, 0x00000000c9900000|100%| O|  |TAMS 0x00000000c9900000, 0x00000000c9800000| Untracked 

Card table byte_map: [0x00000185f1680000,0x00000185f1880000] _byte_map_base: 0x00000185f1080000

Marking Bits (Prev, Next): (CMBitMap*) 0x00000185e973b180, (CMBitMap*) 0x00000185e973b140
 Prev Bits: [0x00000185f2a80000, 0x00000185f3a80000)
 Next Bits: [0x00000185f1a80000, 0x00000185f2a80000)

Polling page: 0x00000185e97b0000

Metaspace:

Usage:
  Non-class:     53.54 MB used.
      Class:      7.47 MB used.
       Both:     61.01 MB used.

Virtual space:
  Non-class space:       64.00 MB reserved,      53.81 MB ( 84%) committed,  1 nodes.
      Class space:        1.00 GB reserved,       7.69 MB ( <1%) committed,  1 nodes.
             Both:        1.06 GB reserved,      61.50 MB (  6%) committed. 

Chunk freelists:
   Non-Class:  10.23 MB
       Class:  8.33 MB
        Both:  18.56 MB

MaxMetaspaceSize: unlimited
CompressedClassSpaceSize: 1.00 GB
Initial GC threshold: 21.00 MB
Current GC threshold: 102.50 MB
CDS: off
MetaspaceReclaimPolicy: balanced
 - commit_granule_bytes: 65536.
 - commit_granule_words: 8192.
 - virtual_space_node_default_size: 8388608.
 - enlarge_chunks_in_place: 1.
 - new_chunks_are_fully_committed: 0.
 - uncommit_free_chunks: 1.
 - use_allocation_guard: 0.
 - handle_deallocations: 1.


Internal statistics:

num_allocs_failed_limit: 9.
num_arena_births: 1312.
num_arena_deaths: 776.
num_vsnodes_births: 2.
num_vsnodes_deaths: 0.
num_space_committed: 990.
num_space_uncommitted: 7.
num_chunks_returned_to_freelist: 1049.
num_chunks_taken_from_freelist: 3640.
num_chunk_merges: 338.
num_chunk_splits: 2156.
num_chunks_enlarged: 1462.
num_inconsistent_stats: 0.

CodeCache: size=49152Kb used=24511Kb max_used=24552Kb free=24640Kb
 bounds [0x00000185edba0000, 0x00000185ef3e0000, 0x00000185f0ba0000]
 total_blobs=13069 nmethods=12385 adapters=608
 compilation: enabled
              stopped_count=0, restarted_count=0
 full_count=0

Compilation events (20 events):
Event: 44309.708 Thread 0x00000185f655bd50 12537       1       org.eclipse.jdt.core.dom.RecoveredTypeBinding::isParameterizedType (32 bytes)
Event: 44309.709 Thread 0x00000185f655bd50 nmethod 12537 0x00000185ef38b390 code [0x00000185ef38b540, 0x00000185ef38b768]
Event: 44324.428 Thread 0x00000185f655bd50 12538       1       org.eclipse.jdt.core.dom.RecoveredTypeBinding::<init> (23 bytes)
Event: 44324.431 Thread 0x00000185f655bd50 nmethod 12538 0x00000185ef38af90 code [0x00000185ef38b140, 0x00000185ef38b2e8]
Event: 44325.495 Thread 0x00000185f655bd50 12539       1       org.eclipse.jdt.internal.compiler.parser.diagnose.DiagnoseParser::getNTermTemplate (69 bytes)
Event: 44325.496 Thread 0x00000185f655bd50 nmethod 12539 0x00000185ef38a890 code [0x00000185ef38aa40, 0x00000185ef38adc8]
Event: 44326.555 Thread 0x00000185f655bd50 12540       1       org.eclipse.jdt.internal.compiler.lookup.MissingTypeBinding::collectMissingTypes (38 bytes)
Event: 44326.556 Thread 0x00000185f655bd50 nmethod 12540 0x00000185ef38a410 code [0x00000185ef38a5c0, 0x00000185ef38a7c8]
Event: 44327.277 Thread 0x00000185f655bd50 12541       1       org.eclipse.jdt.core.dom.DefaultASTVisitor::visit (6 bytes)
Event: 44327.277 Thread 0x00000185f655bd50 nmethod 12541 0x00000185ef38a110 code [0x00000185ef38a2a0, 0x00000185ef38a388]
Event: 44327.277 Thread 0x00000185f655bd50 12542       1       org.eclipse.jdt.core.dom.DefaultASTVisitor::endVisit (6 bytes)
Event: 44327.278 Thread 0x00000185f655bd50 nmethod 12542 0x00000185ef389e10 code [0x00000185ef389fa0, 0x00000185ef38a088]
Event: 44349.023 Thread 0x00000185f655bd50 12543       1       org.eclipse.jdt.core.dom.CompilationUnit::getPosition (154 bytes)
Event: 44349.025 Thread 0x00000185f655bd50 nmethod 12543 0x00000185ef389810 code [0x00000185ef3899e0, 0x00000185ef389cf8]
Event: 44408.003 Thread 0x00000185f655bd50 12544       1       org.springframework.ide.vscode.boot.java.requestmapping.WebfluxRouteHighlightProdivder::provideHighlights (80 bytes)
Event: 44408.015 Thread 0x00000185f655bd50 nmethod 12544 0x00000185ef388410 code [0x00000185ef3886a0, 0x00000185ef3891c8]
Event: 44408.015 Thread 0x00000185f655bd50 12545       1       org.springframework.ide.vscode.boot.java.requestmapping.WebfluxRouteHighlightProdivder$$Lambda$1183/0x000000010078d100::<init> (10 bytes)
Event: 44408.015 Thread 0x00000185f655bd50 nmethod 12545 0x00000185ef388110 code [0x00000185ef3882a0, 0x00000185ef3883b8]
Event: 44408.015 Thread 0x00000185f655bd50 12546       1       org.springframework.ide.vscode.boot.java.requestmapping.WebfluxRouteHighlightProdivder$$Lambda$1185/0x000000010078d588::<init> (10 bytes)
Event: 44408.015 Thread 0x00000185f655bd50 nmethod 12546 0x00000185ef387e10 code [0x00000185ef387fa0, 0x00000185ef3880b8]

GC Heap History (20 events):
Event: 45631.344 GC heap after
{Heap after GC invocations=1762 (full 1055):
 garbage-first heap   total 133120K, used 39363K [0x00000000c0000000, 0x0000000100000000)
  region size 1024K, 0 young (0K), 0 survivors (0K)
 Metaspace       used 62472K, committed 62976K, reserved 1114112K
  class space    used 7647K, committed 7872K, reserved 1048576K
}
Event: 45641.449 GC heap before
{Heap before GC invocations=1762 (full 1055):
 garbage-first heap   total 133120K, used 39363K [0x00000000c0000000, 0x0000000100000000)
  region size 1024K, 1 young (1024K), 0 survivors (0K)
 Metaspace       used 62472K, committed 62976K, reserved 1114112K
  class space    used 7647K, committed 7872K, reserved 1048576K
}
Event: 45641.484 GC heap after
{Heap after GC invocations=1763 (full 1056):
 garbage-first heap   total 133120K, used 39363K [0x00000000c0000000, 0x0000000100000000)
  region size 1024K, 0 young (0K), 0 survivors (0K)
 Metaspace       used 62472K, committed 62976K, reserved 1114112K
  class space    used 7647K, committed 7872K, reserved 1048576K
}
Event: 45651.659 GC heap before
{Heap before GC invocations=1763 (full 1056):
 garbage-first heap   total 133120K, used 39363K [0x00000000c0000000, 0x0000000100000000)
  region size 1024K, 1 young (1024K), 0 survivors (0K)
 Metaspace       used 62472K, committed 62976K, reserved 1114112K
  class space    used 7647K, committed 7872K, reserved 1048576K
}
Event: 45651.701 GC heap after
{Heap after GC invocations=1764 (full 1057):
 garbage-first heap   total 133120K, used 39363K [0x00000000c0000000, 0x0000000100000000)
  region size 1024K, 0 young (0K), 0 survivors (0K)
 Metaspace       used 62472K, committed 62976K, reserved 1114112K
  class space    used 7647K, committed 7872K, reserved 1048576K
}
Event: 45661.791 GC heap before
{Heap before GC invocations=1764 (full 1057):
 garbage-first heap   total 133120K, used 39363K [0x00000000c0000000, 0x0000000100000000)
  region size 1024K, 1 young (1024K), 0 survivors (0K)
 Metaspace       used 62472K, committed 62976K, reserved 1114112K
  class space    used 7647K, committed 7872K, reserved 1048576K
}
Event: 45661.819 GC heap after
{Heap after GC invocations=1765 (full 1058):
 garbage-first heap   total 133120K, used 39363K [0x00000000c0000000, 0x0000000100000000)
  region size 1024K, 0 young (0K), 0 survivors (0K)
 Metaspace       used 62472K, committed 62976K, reserved 1114112K
  class space    used 7647K, committed 7872K, reserved 1048576K
}
Event: 45671.907 GC heap before
{Heap before GC invocations=1765 (full 1058):
 garbage-first heap   total 133120K, used 39363K [0x00000000c0000000, 0x0000000100000000)
  region size 1024K, 1 young (1024K), 0 survivors (0K)
 Metaspace       used 62472K, committed 62976K, reserved 1114112K
  class space    used 7647K, committed 7872K, reserved 1048576K
}
Event: 45671.936 GC heap after
{Heap after GC invocations=1766 (full 1059):
 garbage-first heap   total 133120K, used 39363K [0x00000000c0000000, 0x0000000100000000)
  region size 1024K, 0 young (0K), 0 survivors (0K)
 Metaspace       used 62472K, committed 62976K, reserved 1114112K
  class space    used 7647K, committed 7872K, reserved 1048576K
}
Event: 45682.026 GC heap before
{Heap before GC invocations=1766 (full 1059):
 garbage-first heap   total 133120K, used 39363K [0x00000000c0000000, 0x0000000100000000)
  region size 1024K, 1 young (1024K), 0 survivors (0K)
 Metaspace       used 62472K, committed 62976K, reserved 1114112K
  class space    used 7647K, committed 7872K, reserved 1048576K
}
Event: 45682.059 GC heap after
{Heap after GC invocations=1767 (full 1060):
 garbage-first heap   total 133120K, used 39363K [0x00000000c0000000, 0x0000000100000000)
  region size 1024K, 0 young (0K), 0 survivors (0K)
 Metaspace       used 62472K, committed 62976K, reserved 1114112K
  class space    used 7647K, committed 7872K, reserved 1048576K
}
Event: 45692.149 GC heap before
{Heap before GC invocations=1767 (full 1060):
 garbage-first heap   total 133120K, used 39363K [0x00000000c0000000, 0x0000000100000000)
  region size 1024K, 1 young (1024K), 0 survivors (0K)
 Metaspace       used 62472K, committed 62976K, reserved 1114112K
  class space    used 7647K, committed 7872K, reserved 1048576K
}
Event: 45692.180 GC heap after
{Heap after GC invocations=1768 (full 1061):
 garbage-first heap   total 133120K, used 39363K [0x00000000c0000000, 0x0000000100000000)
  region size 1024K, 0 young (0K), 0 survivors (0K)
 Metaspace       used 62472K, committed 62976K, reserved 1114112K
  class space    used 7647K, committed 7872K, reserved 1048576K
}
Event: 45702.280 GC heap before
{Heap before GC invocations=1768 (full 1061):
 garbage-first heap   total 133120K, used 39363K [0x00000000c0000000, 0x0000000100000000)
  region size 1024K, 1 young (1024K), 0 survivors (0K)
 Metaspace       used 62472K, committed 62976K, reserved 1114112K
  class space    used 7647K, committed 7872K, reserved 1048576K
}
Event: 45702.326 GC heap after
{Heap after GC invocations=1769 (full 1062):
 garbage-first heap   total 133120K, used 39363K [0x00000000c0000000, 0x0000000100000000)
  region size 1024K, 0 young (0K), 0 survivors (0K)
 Metaspace       used 62472K, committed 62976K, reserved 1114112K
  class space    used 7647K, committed 7872K, reserved 1048576K
}
Event: 45712.432 GC heap before
{Heap before GC invocations=1769 (full 1062):
 garbage-first heap   total 133120K, used 39363K [0x00000000c0000000, 0x0000000100000000)
  region size 1024K, 1 young (1024K), 0 survivors (0K)
 Metaspace       used 62472K, committed 62976K, reserved 1114112K
  class space    used 7647K, committed 7872K, reserved 1048576K
}
Event: 45712.467 GC heap after
{Heap after GC invocations=1770 (full 1063):
 garbage-first heap   total 133120K, used 39363K [0x00000000c0000000, 0x0000000100000000)
  region size 1024K, 0 young (0K), 0 survivors (0K)
 Metaspace       used 62472K, committed 62976K, reserved 1114112K
  class space    used 7647K, committed 7872K, reserved 1048576K
}
Event: 45722.602 GC heap before
{Heap before GC invocations=1770 (full 1063):
 garbage-first heap   total 133120K, used 39363K [0x00000000c0000000, 0x0000000100000000)
  region size 1024K, 1 young (1024K), 0 survivors (0K)
 Metaspace       used 62472K, committed 62976K, reserved 1114112K
  class space    used 7647K, committed 7872K, reserved 1048576K
}
Event: 45722.637 GC heap after
{Heap after GC invocations=1771 (full 1064):
 garbage-first heap   total 133120K, used 39363K [0x00000000c0000000, 0x0000000100000000)
  region size 1024K, 0 young (0K), 0 survivors (0K)
 Metaspace       used 62472K, committed 62976K, reserved 1114112K
  class space    used 7647K, committed 7872K, reserved 1048576K
}
Event: 45732.779 GC heap before
{Heap before GC invocations=1771 (full 1064):
 garbage-first heap   total 133120K, used 39363K [0x00000000c0000000, 0x0000000100000000)
  region size 1024K, 1 young (1024K), 0 survivors (0K)
 Metaspace       used 62472K, committed 62976K, reserved 1114112K
  class space    used 7647K, committed 7872K, reserved 1048576K
}

Dll operation events (10 events):
Event: 0.009 Loaded shared library c:\Users\N.Sahan\.vscode\extensions\redhat.java-1.38.0-win32-x64\jre\17.0.13-win32-x86_64\bin\java.dll
Event: 0.555 Loaded shared library C:\Users\N.Sahan\.vscode\extensions\redhat.java-1.38.0-win32-x64\jre\17.0.13-win32-x86_64\bin\net.dll
Event: 0.558 Loaded shared library C:\Users\N.Sahan\.vscode\extensions\redhat.java-1.38.0-win32-x64\jre\17.0.13-win32-x86_64\bin\nio.dll
Event: 0.575 Loaded shared library C:\Users\N.Sahan\.vscode\extensions\redhat.java-1.38.0-win32-x64\jre\17.0.13-win32-x86_64\bin\zip.dll
Event: 0.946 Loaded shared library C:\Users\N.Sahan\.vscode\extensions\redhat.java-1.38.0-win32-x64\jre\17.0.13-win32-x86_64\bin\jimage.dll
Event: 2.194 Loaded shared library c:\Users\N.Sahan\.vscode\extensions\redhat.java-1.38.0-win32-x64\jre\17.0.13-win32-x86_64\bin\verify.dll
Event: 3.712 Loaded shared library C:\Users\N.Sahan\.vscode\extensions\redhat.java-1.38.0-win32-x64\jre\17.0.13-win32-x86_64\bin\management.dll
Event: 3.716 Loaded shared library C:\Users\N.Sahan\.vscode\extensions\redhat.java-1.38.0-win32-x64\jre\17.0.13-win32-x86_64\bin\management_ext.dll
Event: 4.812 Loaded shared library C:\Users\N.Sahan\.vscode\extensions\redhat.java-1.38.0-win32-x64\jre\17.0.13-win32-x86_64\bin\sunmscapi.dll
Event: 5.073 Loaded shared library C:\Users\N.Sahan\.vscode\extensions\redhat.java-1.38.0-win32-x64\jre\17.0.13-win32-x86_64\bin\extnet.dll

Deoptimization events (20 events):
Event: 5.125 Thread 0x00000185fc6e59c0 DEOPT PACKING pc=0x00000185ee65920c sp=0x0000003d770fee50
Event: 5.125 Thread 0x00000185fc6e59c0 DEOPT UNPACKING pc=0x00000185edbf7143 sp=0x0000003d770fe3b8 mode 0
Event: 5.125 Thread 0x00000185fc6e59c0 DEOPT PACKING pc=0x00000185ee65d34c sp=0x0000003d770fef80
Event: 5.125 Thread 0x00000185fc6e59c0 DEOPT UNPACKING pc=0x00000185edbf7143 sp=0x0000003d770fe478 mode 0
Event: 117.673 Thread 0x00000185fc690870 DEOPT PACKING pc=0x00000185ee23ee54 sp=0x0000003d76aff020
Event: 117.673 Thread 0x00000185fc690870 DEOPT UNPACKING pc=0x00000185edbf7143 sp=0x0000003d76afe4c8 mode 0
Event: 1887.434 Thread 0x00000185fc797550 DEOPT PACKING pc=0x00000185eec6af3c sp=0x0000003d747fd8b0
Event: 1887.434 Thread 0x00000185fc797550 DEOPT UNPACKING pc=0x00000185edbf7143 sp=0x0000003d747fcd98 mode 0
Event: 1906.341 Thread 0x00000185fc797550 DEOPT PACKING pc=0x00000185eedc34cc sp=0x0000003d747fec70
Event: 1906.341 Thread 0x00000185fc797550 DEOPT UNPACKING pc=0x00000185edbf7143 sp=0x0000003d747fe238 mode 0
Event: 3086.149 Thread 0x00000185fc7900e0 DEOPT PACKING pc=0x00000185eed61ce4 sp=0x0000003d748fda40
Event: 3086.150 Thread 0x00000185fc7900e0 DEOPT UNPACKING pc=0x00000185edbf7143 sp=0x0000003d748fd058 mode 0
Event: 3086.242 Thread 0x00000185fc7900e0 DEOPT PACKING pc=0x00000185eed615cc sp=0x0000003d748fdc50
Event: 3086.243 Thread 0x00000185fc7900e0 DEOPT UNPACKING pc=0x00000185edbf7143 sp=0x0000003d748fd270 mode 0
Event: 3086.247 Thread 0x00000185fc7900e0 DEOPT PACKING pc=0x00000185eef13f7c sp=0x0000003d748fdb60
Event: 3086.247 Thread 0x00000185fc7900e0 DEOPT UNPACKING pc=0x00000185edbf7143 sp=0x0000003d748fcfd8 mode 0
Event: 3336.505 Thread 0x00000185fc794cd0 DEOPT PACKING pc=0x00000185eee1d334 sp=0x0000003d77ffdff0
Event: 3336.506 Thread 0x00000185fc794cd0 DEOPT UNPACKING pc=0x00000185edbf7143 sp=0x0000003d77ffd528 mode 0
Event: 3984.354 Thread 0x00000185fc7951e0 DEOPT PACKING pc=0x00000185eddfe774 sp=0x0000003d747fe3e0
Event: 3984.354 Thread 0x00000185fc7951e0 DEOPT UNPACKING pc=0x00000185edbf7143 sp=0x0000003d747fd968 mode 0

Classes loaded (20 events):
Event: 36044.525 Loading class org/w3c/dom/CDATASection
Event: 36044.526 Loading class org/w3c/dom/Text
Event: 36044.526 Loading class org/w3c/dom/CharacterData
Event: 36044.526 Loading class org/w3c/dom/CharacterData done
Event: 36044.526 Loading class org/w3c/dom/Text done
Event: 36044.526 Loading class org/w3c/dom/CDATASection done
Event: 36044.530 Loading class org/w3c/dom/ProcessingInstruction
Event: 36044.531 Loading class org/w3c/dom/ProcessingInstruction done
Event: 36044.532 Loading class org/w3c/dom/Comment
Event: 36044.533 Loading class org/w3c/dom/Comment done
Event: 36044.537 Loading class org/w3c/dom/Entity
Event: 36044.537 Loading class org/w3c/dom/Entity done
Event: 36044.571 Loading class org/w3c/dom/NodeList
Event: 36044.571 Loading class org/w3c/dom/NodeList done
Event: 36044.571 Loading class org/w3c/dom/NamedNodeMap
Event: 36044.571 Loading class org/w3c/dom/NamedNodeMap done
Event: 36044.573 Loading class org/w3c/dom/Attr
Event: 36044.573 Loading class org/w3c/dom/Attr done
Event: 36044.581 Loading class java/util/regex/Pattern$1
Event: 36044.582 Loading class java/util/regex/Pattern$1 done

Classes unloaded (20 events):
Event: 38836.991 Thread 0x00000185f650e1b0 Unloading class 0x0000000100410800 'jdk/internal/reflect/GeneratedConstructorAccessor196'
Event: 38836.991 Thread 0x00000185f650e1b0 Unloading class 0x0000000100258400 'jdk/internal/reflect/GeneratedMethodAccessor119'
Event: 38836.991 Thread 0x00000185f650e1b0 Unloading class 0x00000001007a1400 'jdk/internal/reflect/GeneratedMethodAccessor118'
Event: 38836.991 Thread 0x00000185f650e1b0 Unloading class 0x00000001000cbc00 'jdk/internal/reflect/GeneratedMethodAccessor117'
Event: 39220.175 Thread 0x00000185f650e1b0 Unloading class 0x00000001000cbc00 'jdk/internal/reflect/GeneratedMethodAccessor127'
Event: 39220.175 Thread 0x00000185f650e1b0 Unloading class 0x00000001007a1400 'jdk/internal/reflect/GeneratedConstructorAccessor200'
Event: 39220.175 Thread 0x00000185f650e1b0 Unloading class 0x0000000100258400 'jdk/internal/reflect/GeneratedMethodAccessor126'
Event: 39220.175 Thread 0x00000185f650e1b0 Unloading class 0x0000000100410800 'jdk/internal/reflect/GeneratedConstructorAccessor199'
Event: 39220.175 Thread 0x00000185f650e1b0 Unloading class 0x0000000100650800 'jdk/internal/reflect/GeneratedMethodAccessor125'
Event: 39220.176 Thread 0x00000185f650e1b0 Unloading class 0x0000000100789c00 'jdk/internal/reflect/GeneratedMethodAccessor124'
Event: 39220.176 Thread 0x00000185f650e1b0 Unloading class 0x0000000100790800 'jdk/internal/reflect/GeneratedMethodAccessor123'
Event: 44536.194 Thread 0x00000185f650e1b0 Unloading class 0x00000001007ae400 'jdk/internal/reflect/GeneratedConstructorAccessor203'
Event: 44536.194 Thread 0x00000185f650e1b0 Unloading class 0x00000001007ae000 'jdk/internal/reflect/GeneratedMethodAccessor133'
Event: 44536.195 Thread 0x00000185f650e1b0 Unloading class 0x0000000100790800 'jdk/internal/reflect/GeneratedMethodAccessor132'
Event: 44536.195 Thread 0x00000185f650e1b0 Unloading class 0x0000000100789c00 'jdk/internal/reflect/GeneratedConstructorAccessor202'
Event: 44536.195 Thread 0x00000185f650e1b0 Unloading class 0x0000000100650800 'jdk/internal/reflect/GeneratedMethodAccessor131'
Event: 44536.195 Thread 0x00000185f650e1b0 Unloading class 0x0000000100410800 'jdk/internal/reflect/GeneratedConstructorAccessor201'
Event: 44536.195 Thread 0x00000185f650e1b0 Unloading class 0x0000000100258400 'jdk/internal/reflect/GeneratedMethodAccessor130'
Event: 44536.195 Thread 0x00000185f650e1b0 Unloading class 0x00000001007a1400 'jdk/internal/reflect/GeneratedMethodAccessor129'
Event: 44536.195 Thread 0x00000185f650e1b0 Unloading class 0x00000001000cbc00 'jdk/internal/reflect/GeneratedMethodAccessor128'

Classes redefined (0 events):
No events

Internal exceptions (20 events):
Event: 36859.088 Thread 0x00000185fc6c6a40 Exception <a 'sun/nio/fs/WindowsException'{0x00000000c4c1e140}> (0x00000000c4c1e140) 
thrown [s\src\hotspot\share\prims\jni.cpp, line 516]
Event: 36859.089 Thread 0x00000185fc6c6a40 Exception <a 'sun/nio/fs/WindowsException'{0x00000000c4c205c8}> (0x00000000c4c205c8) 
thrown [s\src\hotspot\share\prims\jni.cpp, line 516]
Event: 36859.089 Thread 0x00000185fc6c6a40 Exception <a 'sun/nio/fs/WindowsException'{0x00000000c4c20c58}> (0x00000000c4c20c58) 
thrown [s\src\hotspot\share\prims\jni.cpp, line 516]
Event: 37067.670 Thread 0x00000185fc6c6a40 Exception <a 'sun/nio/fs/WindowsException'{0x00000000c67122d8}> (0x00000000c67122d8) 
thrown [s\src\hotspot\share\prims\jni.cpp, line 516]
Event: 37067.670 Thread 0x00000185fc6c6a40 Exception <a 'sun/nio/fs/WindowsException'{0x00000000c6712968}> (0x00000000c6712968) 
thrown [s\src\hotspot\share\prims\jni.cpp, line 516]
Event: 37164.646 Thread 0x00000185fc791010 NullPointerException in IC check 0x00000185ee814140
Event: 37164.646 Thread 0x00000185fc791010 Exception <a 'java/lang/NullPointerException'{0x00000000c67ae4c0}> (0x00000000c67ae4c0) 
thrown [s\src\hotspot\share\runtime\sharedRuntime.cpp, line 631]
Event: 37164.661 Thread 0x00000185fc791010 Implicit null exception at 0x00000185ee9f195d to 0x00000185ee9f1e5c
Event: 37164.661 Thread 0x00000185fc791010 Exception <a 'java/lang/NullPointerException'{0x00000000c67c28f8}> (0x00000000c67c28f8) 
thrown [s\src\hotspot\share\runtime\sharedRuntime.cpp, line 631]
Event: 37378.246 Thread 0x00000185fc791010 NullPointerException in IC check 0x00000185ee814140
Event: 37378.247 Thread 0x00000185fc791010 Exception <a 'java/lang/NullPointerException'{0x00000000c5f11790}> (0x00000000c5f11790) 
thrown [s\src\hotspot\share\runtime\sharedRuntime.cpp, line 631]
Event: 37378.260 Thread 0x00000185fc791010 Implicit null exception at 0x00000185ee9f195d to 0x00000185ee9f1e5c
Event: 37378.260 Thread 0x00000185fc791010 Exception <a 'java/lang/NullPointerException'{0x00000000c5f34fd8}> (0x00000000c5f34fd8) 
thrown [s\src\hotspot\share\runtime\sharedRuntime.cpp, line 631]
Event: 38613.206 Thread 0x00000185fc7956f0 NullPointerException in IC check 0x00000185ee814140
Event: 38613.210 Thread 0x00000185fc7956f0 Exception <a 'java/lang/NullPointerException'{0x00000000c68e76f8}> (0x00000000c68e76f8) 
thrown [s\src\hotspot\share\runtime\sharedRuntime.cpp, line 631]
Event: 38613.212 Thread 0x00000185fc7956f0 Implicit null exception at 0x00000185ee9f195d to 0x00000185ee9f1e5c
Event: 38613.212 Thread 0x00000185fc7956f0 Exception <a 'java/lang/NullPointerException'{0x00000000c68fe1c0}> (0x00000000c68fe1c0) 
thrown [s\src\hotspot\share\runtime\sharedRuntime.cpp, line 631]
Event: 38645.454 Thread 0x00000185fc7956f0 Exception <a 'java/lang/ArrayIndexOutOfBoundsException'{0x00000000c700e270}> (0x00000000c700e270) 
thrown [s\src\hotspot\share\runtime\sharedRuntime.cpp, line 631]
Event: 38647.302 Thread 0x00000185fc7956f0 Exception <a 'java/lang/ArrayIndexOutOfBoundsException'{0x00000000c827c3d0}> (0x00000000c827c3d0) 
thrown [s\src\hotspot\share\runtime\sharedRuntime.cpp, line 631]
Event: 38650.779 Thread 0x00000185fc7956f0 Exception <a 'java/lang/ArrayIndexOutOfBoundsException'{0x00000000c71731f0}> (0x00000000c71731f0) 
thrown [s\src\hotspot\share\runtime\sharedRuntime.cpp, line 631]

VM Operations (20 events):
Event: 45631.344 Executing VM operation: G1CollectFull done
Event: 45641.449 Executing VM operation: G1CollectFull
Event: 45641.485 Executing VM operation: G1CollectFull done
Event: 45651.659 Executing VM operation: G1CollectFull
Event: 45651.701 Executing VM operation: G1CollectFull done
Event: 45661.791 Executing VM operation: G1CollectFull
Event: 45661.819 Executing VM operation: G1CollectFull done
Event: 45671.907 Executing VM operation: G1CollectFull
Event: 45671.936 Executing VM operation: G1CollectFull done
Event: 45682.026 Executing VM operation: G1CollectFull
Event: 45682.059 Executing VM operation: G1CollectFull done
Event: 45692.149 Executing VM operation: G1CollectFull
Event: 45692.180 Executing VM operation: G1CollectFull done
Event: 45702.280 Executing VM operation: G1CollectFull
Event: 45702.326 Executing VM operation: G1CollectFull done
Event: 45712.432 Executing VM operation: G1CollectFull
Event: 45712.467 Executing VM operation: G1CollectFull done
Event: 45722.602 Executing VM operation: G1CollectFull
Event: 45722.637 Executing VM operation: G1CollectFull done
Event: 45732.779 Executing VM operation: G1CollectFull

Memory protections (0 events):
No events

Nmethod flushes (20 events):
Event: 3086.265 Thread 0x00000185f655df00 flushing  nmethod 0x00000185eeca2010
Event: 3086.265 Thread 0x00000185f655df00 flushing  nmethod 0x00000185eecd9610
Event: 3086.265 Thread 0x00000185f655df00 flushing  nmethod 0x00000185eed03390
Event: 3086.265 Thread 0x00000185f655df00 flushing  nmethod 0x00000185eed0cd90
Event: 3086.265 Thread 0x00000185f655df00 flushing  nmethod 0x00000185eed45b10
Event: 3086.266 Thread 0x00000185f655df00 flushing  nmethod 0x00000185eed7a290
Event: 3086.266 Thread 0x00000185f655df00 flushing  nmethod 0x00000185eed7ac10
Event: 3086.266 Thread 0x00000185f655df00 flushing  nmethod 0x00000185eed7bf90
Event: 3086.266 Thread 0x00000185f655df00 flushing  nmethod 0x00000185eed83510
Event: 3086.266 Thread 0x00000185f655df00 flushing  nmethod 0x00000185eedaa690
Event: 3086.266 Thread 0x00000185f655df00 flushing  nmethod 0x00000185eedc1990
Event: 3086.266 Thread 0x00000185f655df00 flushing  nmethod 0x00000185eeddfc90
Event: 3086.267 Thread 0x00000185f655df00 flushing  nmethod 0x00000185eee02d90
Event: 3086.267 Thread 0x00000185f655df00 flushing  nmethod 0x00000185eee0c710
Event: 3086.267 Thread 0x00000185f655df00 flushing  nmethod 0x00000185eeec4e90
Event: 3086.268 Thread 0x00000185f655df00 flushing  nmethod 0x00000185eeff2910
Event: 3984.367 Thread 0x00000185f655df00 flushing  nmethod 0x00000185ee882e10
Event: 3984.371 Thread 0x00000185f655df00 flushing  nmethod 0x00000185eed24910
Event: 3984.372 Thread 0x00000185f655df00 flushing  nmethod 0x00000185eed41c10
Event: 3984.372 Thread 0x00000185f655df00 flushing  nmethod 0x00000185eedaaf10

Events (20 events):
Event: 44288.092 Thread 0x00000185fc7956f0 Thread added: 0x00000185fc7905f0
Event: 44290.352 Thread 0x00000185fc794cd0 Thread added: 0x00000185fc791a30
Event: 44308.580 Thread 0x00000185fc794cd0 Thread added: 0x00000185fc792450
Event: 44309.195 Thread 0x00000185fc794cd0 Thread added: 0x00000185fc792960
Event: 44338.015 Thread 0x00000185fc793380 Thread exited: 0x00000185fc793380
Event: 44348.096 Thread 0x00000185fc7951e0 Thread exited: 0x00000185fc7951e0
Event: 44350.493 Thread 0x00000185fc7942b0 Thread exited: 0x00000185fc7942b0
Event: 44350.493 Thread 0x00000185fc7956f0 Thread exited: 0x00000185fc7956f0
Event: 44351.854 Thread 0x00000185fc794cd0 Thread added: 0x00000185fc793380
Event: 44439.517 Thread 0x00000185fc793380 Thread exited: 0x00000185fc793380
Event: 44483.910 Thread 0x00000185fc797550 Thread exited: 0x00000185fc797550
Event: 44484.321 Thread 0x00000185fc7905f0 Thread exited: 0x00000185fc7905f0
Event: 44504.444 Thread 0x00000185fc794cd0 Thread exited: 0x00000185fc794cd0
Event: 44514.119 Thread 0x00000185fc796b30 Thread exited: 0x00000185fc796b30
Event: 44564.444 Thread 0x00000185fc792960 Thread exited: 0x00000185fc792960
Event: 44624.444 Thread 0x00000185fc792450 Thread exited: 0x00000185fc792450
Event: 44684.445 Thread 0x00000185fc791a30 Thread exited: 0x00000185fc791a30
Event: 44744.446 Thread 0x00000185fc791010 Thread exited: 0x00000185fc791010
Event: 44804.446 Thread 0x00000185fc7900e0 Thread exited: 0x00000185fc7900e0
Event: 44864.446 Thread 0x00000185fc7947c0 Thread exited: 0x00000185fc7947c0


Dynamic libraries:
0x00007ff6a6c50000 - 0x00007ff6a6c5e000 	c:\Users\N.Sahan\.vscode\extensions\redhat.java-1.38.0-win32-x64\jre\17.0.13-win32-x86_64\bin\java.exe
0x00007ffd649b0000 - 0x00007ffd64ba8000 	C:\Windows\SYSTEM32\ntdll.dll
0x00007ffd63fa0000 - 0x00007ffd64062000 	C:\Windows\System32\KERNEL32.DLL
0x00007ffd62630000 - 0x00007ffd6292e000 	C:\Windows\System32\KERNELBASE.dll
0x00007ffd62320000 - 0x00007ffd62420000 	C:\Windows\System32\ucrtbase.dll
0x00007ffd55680000 - 0x00007ffd55697000 	c:\Users\N.Sahan\.vscode\extensions\redhat.java-1.38.0-win32-x64\jre\17.0.13-win32-x86_64\bin\jli.dll
0x00007ffd63b70000 - 0x00007ffd63d0d000 	C:\Windows\System32\USER32.dll
0x00007ffd629a0000 - 0x00007ffd629c2000 	C:\Windows\System32\win32u.dll
0x00007ffd64550000 - 0x00007ffd6457b000 	C:\Windows\System32\GDI32.dll
0x00007ffd62050000 - 0x00007ffd62167000 	C:\Windows\System32\gdi32full.dll
0x00007ffd62250000 - 0x00007ffd622ed000 	C:\Windows\System32\msvcp_win.dll
0x00007ffd41370000 - 0x00007ffd4138e000 	c:\Users\N.Sahan\.vscode\extensions\redhat.java-1.38.0-win32-x64\jre\17.0.13-win32-x86_64\bin\VCRUNTIME140.dll
0x00007ffd49710000 - 0x00007ffd499aa000 	C:\Windows\WinSxS\amd64_microsoft.windows.common-controls_6595b64144ccf1df_6.0.19041.4355_none_60b8b9eb71f62e16\COMCTL32.dll
0x00007ffd64140000 - 0x00007ffd641de000 	C:\Windows\System32\msvcrt.dll
0x00007ffd64250000 - 0x00007ffd6427f000 	C:\Windows\System32\IMM32.DLL
0x00007ffd5a7c0000 - 0x00007ffd5a7cc000 	c:\Users\N.Sahan\.vscode\extensions\redhat.java-1.38.0-win32-x64\jre\17.0.13-win32-x86_64\bin\vcruntime140_1.dll
0x00007ffd24b70000 - 0x00007ffd24bfd000 	c:\Users\N.Sahan\.vscode\extensions\redhat.java-1.38.0-win32-x64\jre\17.0.13-win32-x86_64\bin\msvcp140.dll
0x00007ffcd8840000 - 0x00007ffcd94ab000 	c:\Users\N.Sahan\.vscode\extensions\redhat.java-1.38.0-win32-x64\jre\17.0.13-win32-x86_64\bin\server\jvm.dll
0x00007ffd62a60000 - 0x00007ffd62b11000 	C:\Windows\System32\ADVAPI32.dll
0x00007ffd62b30000 - 0x00007ffd62bcf000 	C:\Windows\System32\sechost.dll
0x00007ffd63df0000 - 0x00007ffd63f13000 	C:\Windows\System32\RPCRT4.dll
0x00007ffd622f0000 - 0x00007ffd62317000 	C:\Windows\System32\bcrypt.dll
0x00007ffd640d0000 - 0x00007ffd6413b000 	C:\Windows\System32\WS2_32.dll
0x00007ffd61560000 - 0x00007ffd615ab000 	C:\Windows\SYSTEM32\POWRPROF.dll
0x00007ffd4b980000 - 0x00007ffd4b9a7000 	C:\Windows\SYSTEM32\WINMM.dll
0x00007ffd59c40000 - 0x00007ffd59c4a000 	C:\Windows\SYSTEM32\VERSION.dll
0x00007ffd61420000 - 0x00007ffd61432000 	C:\Windows\SYSTEM32\UMPDC.dll
0x00007ffd60810000 - 0x00007ffd60822000 	C:\Windows\SYSTEM32\kernel.appcore.dll
0x00007ffd507a0000 - 0x00007ffd507aa000 	c:\Users\N.Sahan\.vscode\extensions\redhat.java-1.38.0-win32-x64\jre\17.0.13-win32-x86_64\bin\jimage.dll
0x00007ffd5cbd0000 - 0x00007ffd5cdb4000 	C:\Windows\SYSTEM32\DBGHELP.DLL
0x00007ffd34270000 - 0x00007ffd342a4000 	C:\Windows\SYSTEM32\dbgcore.DLL
0x00007ffd62170000 - 0x00007ffd621f2000 	C:\Windows\System32\bcryptPrimitives.dll
0x00007ffd40b40000 - 0x00007ffd40b65000 	c:\Users\N.Sahan\.vscode\extensions\redhat.java-1.38.0-win32-x64\jre\17.0.13-win32-x86_64\bin\java.dll
0x00007ffd3e790000 - 0x00007ffd3e7a8000 	c:\Users\N.Sahan\.vscode\extensions\redhat.java-1.38.0-win32-x64\jre\17.0.13-win32-x86_64\bin\zip.dll
0x00007ffd62ee0000 - 0x00007ffd6364d000 	C:\Windows\System32\SHELL32.dll
0x00007ffd60020000 - 0x00007ffd607c4000 	C:\Windows\SYSTEM32\windows.storage.dll
0x00007ffd64580000 - 0x00007ffd648d3000 	C:\Windows\System32\combase.dll
0x00007ffd61a80000 - 0x00007ffd61aae000 	C:\Windows\SYSTEM32\Wldp.dll
0x00007ffd62e10000 - 0x00007ffd62edd000 	C:\Windows\System32\OLEAUT32.dll
0x00007ffd62bd0000 - 0x00007ffd62c7d000 	C:\Windows\System32\SHCORE.dll
0x00007ffd63f20000 - 0x00007ffd63f75000 	C:\Windows\System32\shlwapi.dll
0x00007ffd61f80000 - 0x00007ffd61fa4000 	C:\Windows\SYSTEM32\profapi.dll
0x00007ffd3abb0000 - 0x00007ffd3abc9000 	C:\Users\N.Sahan\.vscode\extensions\redhat.java-1.38.0-win32-x64\jre\17.0.13-win32-x86_64\bin\net.dll
0x00007ffd57d00000 - 0x00007ffd57e0d000 	C:\Windows\SYSTEM32\WINHTTP.dll
0x00007ffd617c0000 - 0x00007ffd6182a000 	C:\Windows\system32\mswsock.dll
0x00007ffd3ab90000 - 0x00007ffd3aba6000 	C:\Users\N.Sahan\.vscode\extensions\redhat.java-1.38.0-win32-x64\jre\17.0.13-win32-x86_64\bin\nio.dll
0x00007ffd408a0000 - 0x00007ffd408b0000 	c:\Users\N.Sahan\.vscode\extensions\redhat.java-1.38.0-win32-x64\jre\17.0.13-win32-x86_64\bin\verify.dll
0x00007ffd619e0000 - 0x00007ffd619f8000 	C:\Windows\SYSTEM32\CRYPTSP.dll
0x00007ffd61050000 - 0x00007ffd61084000 	C:\Windows\system32\rsaenh.dll
0x00007ffd61f00000 - 0x00007ffd61f2e000 	C:\Windows\SYSTEM32\USERENV.dll
0x00007ffd619d0000 - 0x00007ffd619dc000 	C:\Windows\SYSTEM32\CRYPTBASE.dll
0x00007ffd61440000 - 0x00007ffd6147b000 	C:\Windows\SYSTEM32\IPHLPAPI.DLL
0x00007ffd62b20000 - 0x00007ffd62b28000 	C:\Windows\System32\NSI.dll
0x00007ffd57700000 - 0x00007ffd57717000 	C:\Windows\SYSTEM32\dhcpcsvc6.DLL
0x00007ffd58f70000 - 0x00007ffd58f8d000 	C:\Windows\SYSTEM32\dhcpcsvc.DLL
0x00007ffd61480000 - 0x00007ffd6154a000 	C:\Windows\SYSTEM32\DNSAPI.dll
0x00007ffd5a760000 - 0x00007ffd5a76a000 	C:\Users\N.Sahan\.vscode\extensions\redhat.java-1.38.0-win32-x64\jre\17.0.13-win32-x86_64\bin\management.dll
0x00007ffd3ab60000 - 0x00007ffd3ab6b000 	C:\Users\N.Sahan\.vscode\extensions\redhat.java-1.38.0-win32-x64\jre\17.0.13-win32-x86_64\bin\management_ext.dll
0x00007ffd648e0000 - 0x00007ffd648e8000 	C:\Windows\System32\PSAPI.DLL
0x00007ffd40850000 - 0x00007ffd4085e000 	C:\Users\N.Sahan\.vscode\extensions\redhat.java-1.38.0-win32-x64\jre\17.0.13-win32-x86_64\bin\sunmscapi.dll
0x00007ffd624d0000 - 0x00007ffd6262c000 	C:\Windows\System32\CRYPT32.dll
0x00007ffd61af0000 - 0x00007ffd61b17000 	C:\Windows\SYSTEM32\ncrypt.dll
0x00007ffd61ab0000 - 0x00007ffd61aeb000 	C:\Windows\SYSTEM32\NTASN1.dll
0x00007ffd58f60000 - 0x00007ffd58f6a000 	C:\Windows\System32\rasadhlp.dll
0x00007ffd55740000 - 0x00007ffd557c0000 	C:\Windows\System32\fwpuclnt.dll
0x00007ffd3e780000 - 0x00007ffd3e789000 	C:\Users\N.Sahan\.vscode\extensions\redhat.java-1.38.0-win32-x64\jre\17.0.13-win32-x86_64\bin\extnet.dll

dbghelp: loaded successfully - version: 4.0.5 - missing functions: none
symbol engine: initialized successfully - sym options: 0x614 - pdb path: .;c:\Users\N.Sahan\.vscode\extensions\redhat.java-1.38.0-win32-x64\jre\17.0.13-win32-x86_64\bin;C:\Windows\SYSTEM32;C:\Windows\WinSxS\amd64_microsoft.windows.common-controls_6595b64144ccf1df_6.0.19041.4355_none_60b8b9eb71f62e16;c:\Users\N.Sahan\.vscode\extensions\redhat.java-1.38.0-win32-x64\jre\17.0.13-win32-x86_64\bin\server

VM Arguments:
jvm_args: -Xmx1024m -Dsts.lsp.client=vscode -Dsts.log.file=/dev/null -XX:TieredStopAtLevel=1 -Xlog:jni+resolve=off -Dspring.config.location=file:c:\Users\N.Sahan\.vscode\extensions\vmware.vscode-spring-boot-1.56.0\language-server\BOOT-INF\classes\application.properties 
java_command: org.springframework.ide.vscode.boot.app.BootLanguageServerBootApp
java_class_path (initial): c:\Users\N.Sahan\.vscode\extensions\vmware.vscode-spring-boot-1.56.0\language-server\BOOT-INF\classes;c:\Users\N.Sahan\.vscode\extensions\vmware.vscode-spring-boot-1.56.0\language-server\BOOT-INF\lib\annotations-24.1.0.jar;c:\Users\N.Sahan\.vscode\extensions\vmware.vscode-spring-boot-1.56.0\language-server\BOOT-INF\lib\antlr4-runtime-4.13.1.jar;c:\Users\N.Sahan\.vscode\extensions\vmware.vscode-spring-boot-1.56.0\language-server\BOOT-INF\lib\asm-9.7.jar;c:\Users\N.Sahan\.vscode\extensions\vmware.vscode-spring-boot-1.56.0\language-server\BOOT-INF\lib\asm-analysis-9.7.jar;c:\Users\N.Sahan\.vscode\extensions\vmware.vscode-spring-boot-1.56.0\language-server\BOOT-INF\lib\asm-tree-9.7.jar;c:\Users\N.Sahan\.vscode\extensions\vmware.vscode-spring-boot-1.56.0\language-server\BOOT-INF\lib\asm-util-9.7.jar;c:\Users\N.Sahan\.vscode\extensions\vmware.vscode-spring-boot-1.56.0\language-server\BOOT-INF\lib\caffeine-3.1.8.jar;c:\Users\N.Sahan\.vscode\extensions\vmware.vscode-spring-boot-1.56.0\language-server\BOOT-INF\lib\checker-qual-3.12.0.jar;c:\Users\N.Sahan\.vscode\extensions\vmware.vscode-spring-boot-1.56.0\language-server\BOOT-INF\lib\classgraph-4.8.149.jar;c:\Users\N.Sahan\.vscode\extensions\vmware.vscode-spring-boot-1.56.0\language-server\BOOT-INF\lib\commons-codec-1.16.1.jar;c:\Users\N.Sahan\.vscode\extensions\vmware.vscode-spring-boot-1.56.0\language-server\BOOT-INF\lib\commons-compress-1.26.2.jar;c:\Users\N.Sahan\.vscode\extensions\vmware.vscode-spring-boot-1.56.0\language-server\BOOT-INF\lib\commons-io-2.16.1.jar;c:\Users\N.Sahan\.vscode\extensions\vmware.vscode-spring-boot-1.56.0\language-server\BOOT-INF\lib\commons-java-1.56.0-SNAPSHOT.jar;c:\Users\N.Sahan\.vscode\extensions\vmware.vscode-spring-boot-1.56.0\language-server\BOOT-INF\lib\commons-lang3-3.14.0.jar;c:\Users\N.Sahan\.vscode\extensions\vmware.vscode-spring-boot-1.56.0\language-server\BOOT-INF\lib\commons-language-server-1.56.0-SNAPSHOT.jar;c:\Users\N.Sahan\.vscode\extensions\vmwa
Launcher Type: SUN_STANDARD

[Global flags]
     intx CICompilerCount                          = 4                                         {product} {ergonomic}
     uint ConcGCThreads                            = 2                                         {product} {ergonomic}
     uint G1ConcRefinementThreads                  = 8                                         {product} {ergonomic}
   size_t G1HeapRegionSize                         = 1048576                                   {product} {ergonomic}
    uintx GCDrainStackTargetSize                   = 64                                        {product} {ergonomic}
   size_t InitialHeapSize                          = 132120576                                 {product} {ergonomic}
   size_t MarkStackSize                            = 4194304                                   {product} {ergonomic}
   size_t MaxHeapSize                              = 1073741824                                {product} {command line}
   size_t MaxNewSize                               = 643825664                                 {product} {ergonomic}
   size_t MinHeapDeltaBytes                        = 1048576                                   {product} {ergonomic}
   size_t MinHeapSize                              = 8388608                                   {product} {ergonomic}
    uintx NonProfiledCodeHeapSize                  = 0                                      {pd product} {ergonomic}
     bool ProfileInterpreter                       = false                                  {pd product} {command line}
    uintx ProfiledCodeHeapSize                     = 0                                      {pd product} {ergonomic}
   size_t SoftMaxHeapSize                          = 1073741824                             {manageable} {ergonomic}
     intx TieredStopAtLevel                        = 1                                         {product} {command line}
     bool UseCompressedClassPointers               = true                           {product lp64_product} {ergonomic}
     bool UseCompressedOops                        = true                           {product lp64_product} {ergonomic}
     bool UseG1GC                                  = true                                      {product} {ergonomic}
     bool UseLargePagesIndividualAllocation        = false                                  {pd product} {ergonomic}

Logging:
Log output configuration:
 #0: stdout all=warning,jni+resolve=off uptime,level,tags
 #1: stderr all=off uptime,level,tags

Environment Variables:
PATH=C:\Program Files\Common Files\Oracle\Java\javapath;C:\Program Files (x86)\Common Files\Oracle\Java\java8path;C:\Program Files (x86)\Common Files\Oracle\Java\javapath;C:\Windows\system32;C:\Windows;C:\Windows\System32\Wbem;C:\Windows\System32\WindowsPowerShell\v1.0\;C:\Windows\System32\OpenSSH\;C:\Program Files\dotnet\;C:\Program Files\Java\jdk-21\bin;C:\Program Files\MPICH2\bin;C:\Program Files\Git\bin;C:\xampp\xamp\php;C:\composer;C:\Program Files\Microsoft SQL Server\130\Tools\Binn\;C:\Program Files\Microsoft SQL Server\150\Tools\Binn\;C:\Program Files\Microsoft SQL Server\Client SDK\ODBC\170\Tools\Binn\;C:\Program Files (x86)\Microsoft SQL Server\160\Tools\Binn\;C:\Program Files\Microsoft SQL Server\160\Tools\Binn\;C:\Program Files\Microsoft SQL Server\160\DTS\Binn\;C:\Program Files (x86)\Microsoft SQL Server\160\DTS\Binn\;C:\Program Files (x86)\Windows Kits\10\Windows Performance Toolkit\;C:\Protoc\bin;C:\Program Files\nodejs\;C:\ProgramData\chocolatey\bin;C:\MinGW\bin;C:\Users\N.Sahan;C:\flutter\bin;D:\;C:\Users\N.Sahan\AppData\Local\Programs\Python\Python312\Scripts\;C:\Users\N.Sahan\AppData\Local\Programs\Python\Python312\;C:\Users\N.Sahan\AppData\Local\Programs\Python\Python311\Scripts\;C:\Users\N.Sahan\AppData\Local\Programs\Python\Python311\;C:\Users\N.Sahan\AppData\Local\Microsoft\WindowsApps;C:\Users\N.Sahan\.dotnet\tools;D:\New folder (7)\IntelliJ IDEA 2024.3.1\bin;;C:\Users\N.Sahan\AppData\Local\GitHubDesktop\bin;C:\Users\N.Sahan\AppData\Local\Programs\Microsoft VS Code\bin;C:\Users\N.Sahan\AppData\Local\ComposerSetup\bin;C:\Users\N.Sahan\AppData\Roaming\Composer\vendor\bin;C:\xampp\htdocs\Project\New folder;C:\xampp\xamp\htdocs\Projects\OTP-login;C:\Program Files\Git\bin;C:\Program Files\Git\cmd;C:\Users\N.Sahan\AppData\Roaming\npm;C:\Users\N.Sahan\AppData\Local\Pub\Cache\bin;;D:\New folder (7)\IntelliJ IDEA Community Edition 2024.3.1\bin;
USERNAME=N.Sahan
OS=Windows_NT
PROCESSOR_IDENTIFIER=Intel64 Family 6 Model 142 Stepping 12, GenuineIntel
TMP=C:\Users\NB5C6~1.SAH\AppData\Local\Temp
TEMP=C:\Users\NB5C6~1.SAH\AppData\Local\Temp



Periodic native trim disabled


---------------  S Y S T E M  ---------------

OS:
 Windows 10 , 64 bit Build 19041 (10.0.19041.5072)
OS uptime: 3 days 16:40 hours
Hyper-V role detected

CPU: total 8 (initial active 8) (4 cores per cpu, 2 threads per core) family 6 model 142 stepping 12 microcode 0xde, cx8, cmov, fxsr, ht, mmx, 3dnowpref, sse, sse2, sse3, ssse3, sse4.1, sse4.2, popcnt, lzcnt, tsc, tscinvbit, avx, avx2, aes, erms, clmul, bmi1, bmi2, adx, fma, vzeroupper, clflush, clflushopt, hv
Processor Information for all 8 processors :
  Max Mhz: 2112, Current Mhz: 1609, Mhz Limit: 1605

Memory: 4k page, system-wide physical 8042M (683M free)
TotalPageFile size 17608M (AvailPageFile size 48M)
current process WorkingSet (physical memory assigned to process): 84M, peak: 284M
current process commit charge ("private bytes"): 325M, peak: 613M

vm_info: OpenJDK 64-Bit Server VM (17.0.13+11) for windows-amd64 JRE (17.0.13+11), built on Oct 16 2024 00:10:08 by "admin" with MS VC++ 17.7 (VS2022)

END.
