#
# There is insufficient memory for the Java Runtime Environment to continue.
# Native memory allocation (malloc) failed to allocate 1048576 bytes. Error detail: AllocateHeap
# Possible reasons:
#   The system is out of physical RAM or swap space
#   This process is running with CompressedOops enabled, and the Java Heap may be blocking the growth of the native heap
# Possible solutions:
#   Reduce memory load on the system
#   Increase physical memory or swap space
#   Check if swap backing store is full
#   Decrease Java heap size (-Xmx/-Xms)
#   Decrease number of Java threads
#   Decrease Java thread stack sizes (-Xss)
#   Set larger code cache with -XX:ReservedCodeCacheSize=
#   JVM is running with Unscaled Compressed Oops mode in which the Java heap is
#     placed in the first 4GB address space. The Java Heap base address is the
#     maximum limit for the native heap growth. Please use -XX:HeapBaseMinAddress
#     to set the Java Heap base and to place the Java Heap above 4GB virtual address.
# This output file may be truncated or incomplete.
#
#  Out of Memory Error (allocation.cpp:44), pid=20152, tid=2332
#
# JRE version: OpenJDK Runtime Environment Temurin-17.0.13+11 (17.0.13+11) (build 17.0.13+11)
# Java VM: OpenJDK 64-Bit Server VM Temurin-17.0.13+11 (17.0.13+11, mixed mode, emulated-client, tiered, compressed oops, compressed class ptrs, g1 gc, windows-amd64)
# No core dump will be written. Minidumps are not enabled by default on client versions of Windows
#

---------------  S U M M A R Y ------------

Command Line: -Xmx1024m -Dsts.lsp.client=vscode -Dsts.log.file=/dev/null -XX:TieredStopAtLevel=1 -Xlog:jni+resolve=off -Dspring.config.location=file:c:\Users\N.Sahan\.vscode\extensions\vmware.vscode-spring-boot-1.56.0\language-server\BOOT-INF\classes\application.properties org.springframework.ide.vscode.boot.app.BootLanguageServerBootApp

Host: Intel(R) Core(TM) i5-10210U CPU @ 1.60GHz, 8 cores, 7G,  Windows 10 , 64 bit Build 19041 (10.0.19041.5072)
Time: Fri Jan 10 00:19:46 2025 Sri Lanka Standard Time elapsed time: 32790.367784 seconds (0d 9h 6m 30s)

---------------  T H R E A D  ---------------

Current thread (0x0000018542e6c460):  VMThread "VM Thread" [stack: 0x0000001441800000,0x0000001441900000] [id=2332]

Stack: [0x0000001441800000,0x0000001441900000]
Native frames: (J=compiled Java code, j=interpreted, Vv=VM code, C=native code)
V  [jvm.dll+0x682a19]
V  [jvm.dll+0x839538]
V  [jvm.dll+0x83afe3]
V  [jvm.dll+0x83b653]
V  [jvm.dll+0x24704f]
V  [jvm.dll+0xa7543]
V  [jvm.dll+0x2f6243]
V  [jvm.dll+0x2f2000]
V  [jvm.dll+0x2da6df]
V  [jvm.dll+0x31d1e7]
V  [jvm.dll+0x83fe8d]
V  [jvm.dll+0x840bc3]
V  [jvm.dll+0x8410ef]
V  [jvm.dll+0x8414d4]
V  [jvm.dll+0x84159e]
V  [jvm.dll+0x7e8ffc]
V  [jvm.dll+0x6818f7]
C  [ucrtbase.dll+0x21bb2]
C  [KERNEL32.DLL+0x17374]
C  [ntdll.dll+0x4cc91]

VM_Operation (0x00000014430fe8c0): G1CollectFull, mode: safepoint, requested by thread 0x0000018547197170


---------------  P R O C E S S  ---------------

Threads class SMR info:
_java_thread_list=0x0000018549c18d90, length=35, elements={
0x0000018542e82730, 0x0000018542e835b0, 0x0000018542eba010, 0x0000018542ebcda0,
0x0000018547008490, 0x0000018547008a60, 0x00000185470094d0, 0x0000018547009ed0,
0x000001854724ca70, 0x0000018547255220, 0x00000185488c6040, 0x0000018547197170,
0x0000018547d57740, 0x0000018535f4e900, 0x0000018548868030, 0x0000018548ad00b0,
0x0000018548af0be0, 0x0000018548af1b10, 0x0000018548af2020, 0x0000018548c6f830,
0x0000018548c74e40, 0x0000018548c75d70, 0x0000018548c6fd40, 0x0000018548c70250,
0x0000018548c73f10, 0x0000018548c70c70, 0x0000018548c74420, 0x0000018548c74930,
0x0000018548bd4fd0, 0x0000018548bd54e0, 0x0000018548bce070, 0x0000018548bd59f0,
0x0000018548bcea90, 0x0000018548bd1820, 0x0000018548bcf4b0
}

Java Threads: ( => current thread )
  0x0000018542e82730 JavaThread "Reference Handler" daemon [_thread_blocked, id=16812, stack(0x0000001441900000,0x0000001441a00000)]
  0x0000018542e835b0 JavaThread "Finalizer" daemon [_thread_blocked, id=20820, stack(0x0000001441a00000,0x0000001441b00000)]
  0x0000018542eba010 JavaThread "Signal Dispatcher" daemon [_thread_blocked, id=20020, stack(0x0000001441b00000,0x0000001441c00000)]
  0x0000018542ebcda0 JavaThread "Attach Listener" daemon [_thread_blocked, id=16240, stack(0x0000001441c00000,0x0000001441d00000)]
  0x0000018547008490 JavaThread "Service Thread" daemon [_thread_blocked, id=18208, stack(0x0000001441d00000,0x0000001441e00000)]
  0x0000018547008a60 JavaThread "Monitor Deflation Thread" daemon [_thread_blocked, id=20748, stack(0x0000001441e00000,0x0000001441f00000)]
  0x00000185470094d0 JavaThread "C1 CompilerThread0" daemon [_thread_blocked, id=4660, stack(0x0000001441f00000,0x0000001442000000)]
  0x0000018547009ed0 JavaThread "Sweeper thread" daemon [_thread_blocked, id=15956, stack(0x0000001442000000,0x0000001442100000)]
  0x000001854724ca70 JavaThread "Notification Thread" daemon [_thread_blocked, id=2084, stack(0x0000001442300000,0x0000001442400000)]
  0x0000018547255220 JavaThread "Common-Cleaner" daemon [_thread_blocked, id=14380, stack(0x0000001442500000,0x0000001442600000)]
  0x00000185488c6040 JavaThread "boundedElastic-evictor-1" daemon [_thread_blocked, id=19120, stack(0x0000001442b00000,0x0000001442c00000)]
  0x0000018547197170 JavaThread "pool-13-thread-1" [_thread_blocked, id=11028, stack(0x0000001443000000,0x0000001443100000)]
  0x0000018547d57740 JavaThread "LanguageServerApp-lifecycle" [_thread_blocked, id=19164, stack(0x0000001443100000,0x0000001443200000)]
  0x0000018535f4e900 JavaThread "DestroyJavaVM" [_thread_blocked, id=6548, stack(0x0000001441200000,0x0000001441300000)]
  0x0000018548868030 JavaThread "pool-14-thread-1" [_thread_blocked, id=18892, stack(0x0000001443200000,0x0000001443300000)]
  0x0000018548ad00b0 JavaThread "Simple-Language-Server main thread" daemon [_thread_blocked, id=14792, stack(0x0000001443300000,0x0000001443400000)]
  0x0000018548af0be0 JavaThread "parallel-1" daemon [_thread_blocked, id=14060, stack(0x0000001443600000,0x0000001443700000)]
  0x0000018548af1b10 JavaThread "pool-6-thread-1" [_thread_blocked, id=8964, stack(0x0000001443700000,0x0000001443800000)]
  0x0000018548af2020 JavaThread "parallel-2" daemon [_thread_blocked, id=2944, stack(0x0000001443800000,0x0000001443900000)]
  0x0000018548c6f830 JavaThread "pool-8-thread-1" [_thread_blocked, id=22104, stack(0x0000001443a00000,0x0000001443b00000)]
  0x0000018548c74e40 JavaThread "parallel-3" daemon [_thread_blocked, id=9080, stack(0x0000001444200000,0x0000001444300000)]
  0x0000018548c75d70 JavaThread "parallel-4" daemon [_thread_blocked, id=20100, stack(0x0000001444300000,0x0000001444400000)]
  0x0000018548c6fd40 JavaThread "Reconciler-1" daemon [_thread_blocked, id=5860, stack(0x0000001444600000,0x0000001444700000)]
  0x0000018548c70250 JavaThread "CompletableFutureDelayScheduler" daemon [_thread_blocked, id=20976, stack(0x0000001444700000,0x0000001444800000)]
  0x0000018548c73f10 JavaThread "parallel-5" daemon [_thread_blocked, id=13272, stack(0x0000001444800000,0x0000001444900000)]
  0x0000018548c70c70 JavaThread "parallel-6" daemon [_thread_blocked, id=12788, stack(0x0000001444900000,0x0000001444a00000)]
  0x0000018548c74420 JavaThread "parallel-7" daemon [_thread_blocked, id=18436, stack(0x0000001444a00000,0x0000001444b00000)]
  0x0000018548c74930 JavaThread "parallel-8" daemon [_thread_blocked, id=15516, stack(0x0000001444c00000,0x0000001444d00000)]
  0x0000018548bd4fd0 JavaThread "ForkJoinPool.commonPool-worker-119" daemon [_thread_blocked, id=14112, stack(0x0000001442100000,0x0000001442200000)]
  0x0000018548bd54e0 JavaThread "ForkJoinPool.commonPool-worker-120" daemon [_thread_blocked, id=7296, stack(0x0000001443400000,0x0000001443500000)]
  0x0000018548bce070 JavaThread "ForkJoinPool.commonPool-worker-121" daemon [_thread_blocked, id=8032, stack(0x0000001443900000,0x0000001443a00000)]
  0x0000018548bd59f0 JavaThread "ForkJoinPool.commonPool-worker-122" daemon [_thread_blocked, id=13936, stack(0x0000001443b00000,0x0000001443c00000)]
  0x0000018548bcea90 JavaThread "ForkJoinPool.commonPool-worker-124" daemon [_thread_blocked, id=2388, stack(0x0000001443d00000,0x0000001443e00000)]
  0x0000018548bd1820 JavaThread "pool-5-thread-161" [_thread_blocked, id=18188, stack(0x0000001442200000,0x0000001442300000)]
  0x0000018548bcf4b0 JavaThread "ForkJoinPool.commonPool-worker-126" daemon [_thread_blocked, id=15544, stack(0x0000001442c00000,0x0000001442d00000)]

Other Threads:
=>0x0000018542e6c460 VMThread "VM Thread" [stack: 0x0000001441800000,0x0000001441900000] [id=2332]
  0x000001854724ef60 WatcherThread [stack: 0x0000001442400000,0x0000001442500000] [id=3168]
  0x000001853609a560 GCTaskThread "GC Thread#0" [stack: 0x0000001441300000,0x0000001441400000] [id=20024]
  0x0000018547db4c00 GCTaskThread "GC Thread#1" [stack: 0x0000001442600000,0x0000001442700000] [id=21076]
  0x0000018547db56d0 GCTaskThread "GC Thread#2" [stack: 0x0000001442700000,0x0000001442800000] [id=15200]
  0x0000018547dcafc0 GCTaskThread "GC Thread#3" [stack: 0x0000001442800000,0x0000001442900000] [id=18060]
  0x0000018547e96c80 GCTaskThread "GC Thread#4" [stack: 0x0000001442900000,0x0000001442a00000] [id=4484]
  0x0000018547f19890 GCTaskThread "GC Thread#5" [stack: 0x0000001442a00000,0x0000001442b00000] [id=19848]
  0x00000185482f59b0 GCTaskThread "GC Thread#6" [stack: 0x0000001442d00000,0x0000001442e00000] [id=15928]
  0x00000185482c7d40 GCTaskThread "GC Thread#7" [stack: 0x0000001442e00000,0x0000001442f00000] [id=22220]
  0x00000185360a34b0 ConcurrentGCThread "G1 Main Marker" [stack: 0x0000001441400000,0x0000001441500000] [id=16944]
  0x00000185360a3ed0 ConcurrentGCThread "G1 Conc#0" [stack: 0x0000001441500000,0x0000001441600000] [id=22196]
  0x00000185482c8420 ConcurrentGCThread "G1 Conc#1" [stack: 0x0000001442f00000,0x0000001443000000] [id=4164]
  0x0000018542ce00a0 ConcurrentGCThread "G1 Refine#0" [stack: 0x0000001441600000,0x0000001441700000] [id=15964]
  0x0000018542ce0ad0 ConcurrentGCThread "G1 Service" [stack: 0x0000001441700000,0x0000001441800000] [id=20056]

Threads with active compile tasks:

VM state: at safepoint (normal execution)

VM Mutex/Monitor currently owned by a thread:  ([mutex/lock_event])
[0x0000018535e8e480] Threads_lock - owner thread: 0x0000018542e6c460
[0x0000018536059c60] Heap_lock - owner thread: 0x0000018547197170

Heap address: 0x00000000c0000000, size: 1024 MB, Compressed Oops mode: 32-bit

CDS archive(s) not mapped
Compressed class space mapped at: 0x0000000100000000-0x0000000140000000, reserved size: 1073741824
Narrow klass base: 0x0000000000000000, Narrow klass shift: 3, Narrow klass range: 0x140000000

GC Precious Log:
 CPUs: 8 total, 8 available
 Memory: 8042M
 Large Page Support: Disabled
 NUMA Support: Disabled
 Compressed Oops: Enabled (32-bit)
 Heap Region Size: 1M
 Heap Min Capacity: 8M
 Heap Initial Capacity: 126M
 Heap Max Capacity: 1G
 Pre-touch: Disabled
 Parallel Workers: 8
 Concurrent Workers: 2
 Concurrent Refinement Workers: 8
 Periodic GC: Disabled

Heap:
 garbage-first heap   total 119808K, used 47892K [0x00000000c0000000, 0x0000000100000000)
  region size 1024K, 1 young (1024K), 0 survivors (0K)
 Metaspace       used 68171K, committed 68736K, reserved 1114112K
  class space    used 8988K, committed 9280K, reserved 1048576K

Heap Regions: E=young(eden), S=young(survivor), O=old, HS=humongous(starts), HC=humongous(continues), CS=collection set, F=free, OA=open archive, CA=closed archive, TAMS=top-at-mark-start (previous, next)
|   0|0x00000000c0000000, 0x00000000c0100000, 0x00000000c0100000|100%|HS|  |TAMS 0x00000000c0100000, 0x00000000c0000000| Untracked 
|   1|0x00000000c0100000, 0x00000000c0200000, 0x00000000c0200000|100%|HC|  |TAMS 0x00000000c0200000, 0x00000000c0100000| Untracked 
|   2|0x00000000c0200000, 0x00000000c0300000, 0x00000000c0300000|100%|HC|  |TAMS 0x00000000c0300000, 0x00000000c0200000| Untracked 
|   3|0x00000000c0300000, 0x00000000c0400000, 0x00000000c0400000|100%|HC|  |TAMS 0x00000000c0400000, 0x00000000c0300000| Untracked 
|   4|0x00000000c0400000, 0x00000000c0500000, 0x00000000c0500000|100%|HS|  |TAMS 0x00000000c0500000, 0x00000000c0400000| Untracked 
|   5|0x00000000c0500000, 0x00000000c0600000, 0x00000000c0600000|100%|HC|  |TAMS 0x00000000c0600000, 0x00000000c0500000| Untracked 
|   6|0x00000000c0600000, 0x00000000c0700000, 0x00000000c0700000|100%| O|  |TAMS 0x00000000c0700000, 0x00000000c0600000| Untracked 
|   7|0x00000000c0700000, 0x00000000c0800000, 0x00000000c0800000|100%| O|  |TAMS 0x00000000c0800000, 0x00000000c0700000| Untracked 
|   8|0x00000000c0800000, 0x00000000c0900000, 0x00000000c0900000|100%| O|  |TAMS 0x00000000c0900000, 0x00000000c0800000| Untracked 
|   9|0x00000000c0900000, 0x00000000c0a00000, 0x00000000c0a00000|100%| O|  |TAMS 0x00000000c0a00000, 0x00000000c0900000| Untracked 
|  10|0x00000000c0a00000, 0x00000000c0afffb0, 0x00000000c0b00000| 99%| O|  |TAMS 0x00000000c0afffb0, 0x00000000c0a00000| Untracked 
|  11|0x00000000c0b00000, 0x00000000c0bfffd8, 0x00000000c0c00000| 99%| O|  |TAMS 0x00000000c0bfffd8, 0x00000000c0b00000| Untracked 
|  12|0x00000000c0c00000, 0x00000000c0cff7f8, 0x00000000c0d00000| 99%| O|  |TAMS 0x00000000c0cff7f8, 0x00000000c0c00000| Untracked 
|  13|0x00000000c0d00000, 0x00000000c0e00000, 0x00000000c0e00000|100%| O|  |TAMS 0x00000000c0e00000, 0x00000000c0d00000| Untracked 
|  14|0x00000000c0e00000, 0x00000000c0f00000, 0x00000000c0f00000|100%| O|  |TAMS 0x00000000c0f00000, 0x00000000c0e00000| Untracked 
|  15|0x00000000c0f00000, 0x00000000c0fff7d0, 0x00000000c1000000| 99%| O|  |TAMS 0x00000000c0fff7d0, 0x00000000c0f00000| Untracked 
|  16|0x00000000c1000000, 0x00000000c1100000, 0x00000000c1100000|100%| O|  |TAMS 0x00000000c1100000, 0x00000000c1000000| Untracked 
|  17|0x00000000c1100000, 0x00000000c11fffe0, 0x00000000c1200000| 99%| O|  |TAMS 0x00000000c11fffe0, 0x00000000c1100000| Untracked 
|  18|0x00000000c1200000, 0x00000000c12ffff0, 0x00000000c1300000| 99%| O|  |TAMS 0x00000000c12ffff0, 0x00000000c1200000| Untracked 
|  19|0x00000000c1300000, 0x00000000c13fff88, 0x00000000c1400000| 99%| O|  |TAMS 0x00000000c13fff88, 0x00000000c1300000| Untracked 
|  20|0x00000000c1400000, 0x00000000c14ffff0, 0x00000000c1500000| 99%| O|  |TAMS 0x00000000c14ffff0, 0x00000000c1400000| Untracked 
|  21|0x00000000c1500000, 0x00000000c15fffc0, 0x00000000c1600000| 99%| O|  |TAMS 0x00000000c15fffc0, 0x00000000c1500000| Untracked 
|  22|0x00000000c1600000, 0x00000000c16fffd0, 0x00000000c1700000| 99%| O|  |TAMS 0x00000000c16fffd0, 0x00000000c1600000| Untracked 
|  23|0x00000000c1700000, 0x00000000c17fffe8, 0x00000000c1800000| 99%| O|  |TAMS 0x00000000c17fffe8, 0x00000000c1700000| Untracked 
|  24|0x00000000c1800000, 0x00000000c1900000, 0x00000000c1900000|100%| O|  |TAMS 0x00000000c1900000, 0x00000000c1800000| Untracked 
|  25|0x00000000c1900000, 0x00000000c19ffd60, 0x00000000c1a00000| 99%| O|  |TAMS 0x00000000c19ffd60, 0x00000000c1900000| Untracked 
|  26|0x00000000c1a00000, 0x00000000c1b00000, 0x00000000c1b00000|100%| O|  |TAMS 0x00000000c1b00000, 0x00000000c1a00000| Untracked 
|  27|0x00000000c1b00000, 0x00000000c1bfffe0, 0x00000000c1c00000| 99%| O|  |TAMS 0x00000000c1bfffe0, 0x00000000c1b00000| Untracked 
|  28|0x00000000c1c00000, 0x00000000c1cffff0, 0x00000000c1d00000| 99%| O|  |TAMS 0x00000000c1cffff0, 0x00000000c1c00000| Untracked 
|  29|0x00000000c1d00000, 0x00000000c1dffff0, 0x00000000c1e00000| 99%| O|  |TAMS 0x00000000c1dffff0, 0x00000000c1d00000| Untracked 
|  30|0x00000000c1e00000, 0x00000000c1efffd8, 0x00000000c1f00000| 99%| O|  |TAMS 0x00000000c1efffd8, 0x00000000c1e00000| Untracked 
|  31|0x00000000c1f00000, 0x00000000c1ffffe8, 0x00000000c2000000| 99%| O|  |TAMS 0x00000000c1ffffe8, 0x00000000c1f00000| Untracked 
|  32|0x00000000c2000000, 0x00000000c2100000, 0x00000000c2100000|100%| O|  |TAMS 0x00000000c2100000, 0x00000000c2000000| Untracked 
|  33|0x00000000c2100000, 0x00000000c21ffff8, 0x00000000c2200000| 99%| O|  |TAMS 0x00000000c21ffff8, 0x00000000c2100000| Untracked 
|  34|0x00000000c2200000, 0x00000000c22fffe0, 0x00000000c2300000| 99%| O|  |TAMS 0x00000000c22fffe0, 0x00000000c2200000| Untracked 
|  35|0x00000000c2300000, 0x00000000c23fc080, 0x00000000c2400000| 98%| O|  |TAMS 0x00000000c23fc080, 0x00000000c2300000| Untracked 
|  36|0x00000000c2400000, 0x00000000c24ffff8, 0x00000000c2500000| 99%| O|  |TAMS 0x00000000c24ffff8, 0x00000000c2400000| Untracked 
|  37|0x00000000c2500000, 0x00000000c2596580, 0x00000000c2600000| 58%| O|  |TAMS 0x00000000c2500000, 0x00000000c2500000| Untracked 
|  38|0x00000000c2600000, 0x00000000c26ffff8, 0x00000000c2700000| 99%| O|  |TAMS 0x00000000c2600000, 0x00000000c2600000| Untracked 
|  39|0x00000000c2700000, 0x00000000c27fff50, 0x00000000c2800000| 99%| O|  |TAMS 0x00000000c2700000, 0x00000000c2700000| Untracked 
|  40|0x00000000c2800000, 0x00000000c28f4848, 0x00000000c2900000| 95%| O|  |TAMS 0x00000000c2800000, 0x00000000c2800000| Untracked 
|  41|0x00000000c2900000, 0x00000000c296ed98, 0x00000000c2a00000| 43%| O|  |TAMS 0x00000000c2900000, 0x00000000c2900000| Untracked 
|  42|0x00000000c2a00000, 0x00000000c2a37190, 0x00000000c2b00000| 21%| O|  |TAMS 0x00000000c2a00000, 0x00000000c2a00000| Untracked 
|  43|0x00000000c2b00000, 0x00000000c2bfffa0, 0x00000000c2c00000| 99%| O|  |TAMS 0x00000000c2bfffa0, 0x00000000c2b00000| Untracked 
|  44|0x00000000c2c00000, 0x00000000c2d00000, 0x00000000c2d00000|100%|HS|  |TAMS 0x00000000c2d00000, 0x00000000c2c00000| Untracked 
|  45|0x00000000c2d00000, 0x00000000c2e00000, 0x00000000c2e00000|100%|HS|  |TAMS 0x00000000c2e00000, 0x00000000c2d00000| Untracked 
|  46|0x00000000c2e00000, 0x00000000c2e00000, 0x00000000c2f00000|  0%| F|  |TAMS 0x00000000c2e00000, 0x00000000c2e00000| Untracked 
|  47|0x00000000c2f00000, 0x00000000c2f00000, 0x00000000c3000000|  0%| F|  |TAMS 0x00000000c2f00000, 0x00000000c2f00000| Untracked 
|  48|0x00000000c3000000, 0x00000000c3000000, 0x00000000c3100000|  0%| F|  |TAMS 0x00000000c3000000, 0x00000000c3000000| Untracked 
|  49|0x00000000c3100000, 0x00000000c3100000, 0x00000000c3200000|  0%| F|  |TAMS 0x00000000c3100000, 0x00000000c3100000| Untracked 
|  50|0x00000000c3200000, 0x00000000c3200000, 0x00000000c3300000|  0%| F|  |TAMS 0x00000000c3200000, 0x00000000c3200000| Untracked 
|  51|0x00000000c3300000, 0x00000000c3300000, 0x00000000c3400000|  0%| F|  |TAMS 0x00000000c3300000, 0x00000000c3300000| Untracked 
|  52|0x00000000c3400000, 0x00000000c3400000, 0x00000000c3500000|  0%| F|  |TAMS 0x00000000c3400000, 0x00000000c3400000| Untracked 
|  53|0x00000000c3500000, 0x00000000c3500000, 0x00000000c3600000|  0%| F|  |TAMS 0x00000000c3500000, 0x00000000c3500000| Untracked 
|  54|0x00000000c3600000, 0x00000000c3600000, 0x00000000c3700000|  0%| F|  |TAMS 0x00000000c3600000, 0x00000000c3600000| Untracked 
|  55|0x00000000c3700000, 0x00000000c3700000, 0x00000000c3800000|  0%| F|  |TAMS 0x00000000c3700000, 0x00000000c3700000| Untracked 
|  56|0x00000000c3800000, 0x00000000c3900000, 0x00000000c3900000|100%| O|  |TAMS 0x00000000c3900000, 0x00000000c3800000| Untracked 
|  57|0x00000000c3900000, 0x00000000c3a00000, 0x00000000c3a00000|100%| O|  |TAMS 0x00000000c3a00000, 0x00000000c3900000| Untracked 
|  58|0x00000000c3a00000, 0x00000000c3a00000, 0x00000000c3b00000|  0%| F|  |TAMS 0x00000000c3a00000, 0x00000000c3a00000| Untracked 
|  59|0x00000000c3b00000, 0x00000000c3b00000, 0x00000000c3c00000|  0%| F|  |TAMS 0x00000000c3b00000, 0x00000000c3b00000| Untracked 
|  60|0x00000000c3c00000, 0x00000000c3c00000, 0x00000000c3d00000|  0%| F|  |TAMS 0x00000000c3c00000, 0x00000000c3c00000| Untracked 
|  61|0x00000000c3d00000, 0x00000000c3d00000, 0x00000000c3e00000|  0%| F|  |TAMS 0x00000000c3d00000, 0x00000000c3d00000| Untracked 
|  62|0x00000000c3e00000, 0x00000000c3e00000, 0x00000000c3f00000|  0%| F|  |TAMS 0x00000000c3e00000, 0x00000000c3e00000| Untracked 
|  63|0x00000000c3f00000, 0x00000000c3f72d08, 0x00000000c4000000| 44%| O|  |TAMS 0x00000000c3f00000, 0x00000000c3f00000| Untracked 
|  64|0x00000000c4000000, 0x00000000c4000000, 0x00000000c4100000|  0%| F|  |TAMS 0x00000000c4000000, 0x00000000c4000000| Untracked 
|  65|0x00000000c4100000, 0x00000000c4100000, 0x00000000c4200000|  0%| F|  |TAMS 0x00000000c4100000, 0x00000000c4100000| Untracked 
|  66|0x00000000c4200000, 0x00000000c4200000, 0x00000000c4300000|  0%| F|  |TAMS 0x00000000c4200000, 0x00000000c4200000| Untracked 
|  67|0x00000000c4300000, 0x00000000c4300000, 0x00000000c4400000|  0%| F|  |TAMS 0x00000000c4300000, 0x00000000c4300000| Untracked 
|  68|0x00000000c4400000, 0x00000000c4400000, 0x00000000c4500000|  0%| F|  |TAMS 0x00000000c4400000, 0x00000000c4400000| Untracked 
|  69|0x00000000c4500000, 0x00000000c4500000, 0x00000000c4600000|  0%| F|  |TAMS 0x00000000c4500000, 0x00000000c4500000| Untracked 
|  70|0x00000000c4600000, 0x00000000c4600000, 0x00000000c4700000|  0%| F|  |TAMS 0x00000000c4600000, 0x00000000c4600000| Untracked 
|  71|0x00000000c4700000, 0x00000000c4700000, 0x00000000c4800000|  0%| F|  |TAMS 0x00000000c4700000, 0x00000000c4700000| Untracked 
|  72|0x00000000c4800000, 0x00000000c4800000, 0x00000000c4900000|  0%| F|  |TAMS 0x00000000c4800000, 0x00000000c4800000| Untracked 
|  73|0x00000000c4900000, 0x00000000c4900000, 0x00000000c4a00000|  0%| F|  |TAMS 0x00000000c4900000, 0x00000000c4900000| Untracked 
|  74|0x00000000c4a00000, 0x00000000c4a00000, 0x00000000c4b00000|  0%| F|  |TAMS 0x00000000c4a00000, 0x00000000c4a00000| Untracked 
|  75|0x00000000c4b00000, 0x00000000c4b00000, 0x00000000c4c00000|  0%| F|  |TAMS 0x00000000c4b00000, 0x00000000c4b00000| Untracked 
|  76|0x00000000c4c00000, 0x00000000c4c00000, 0x00000000c4d00000|  0%| F|  |TAMS 0x00000000c4c00000, 0x00000000c4c00000| Untracked 
|  77|0x00000000c4d00000, 0x00000000c4d00000, 0x00000000c4e00000|  0%| F|  |TAMS 0x00000000c4d00000, 0x00000000c4d00000| Untracked 
|  78|0x00000000c4e00000, 0x00000000c4e00000, 0x00000000c4f00000|  0%| F|  |TAMS 0x00000000c4e00000, 0x00000000c4e00000| Untracked 
|  79|0x00000000c4f00000, 0x00000000c4f00000, 0x00000000c5000000|  0%| F|  |TAMS 0x00000000c4f00000, 0x00000000c4f00000| Untracked 
|  80|0x00000000c5000000, 0x00000000c5000000, 0x00000000c5100000|  0%| F|  |TAMS 0x00000000c5000000, 0x00000000c5000000| Untracked 
|  81|0x00000000c5100000, 0x00000000c5100000, 0x00000000c5200000|  0%| F|  |TAMS 0x00000000c5100000, 0x00000000c5100000| Untracked 
|  82|0x00000000c5200000, 0x00000000c5200000, 0x00000000c5300000|  0%| F|  |TAMS 0x00000000c5200000, 0x00000000c5200000| Untracked 
|  83|0x00000000c5300000, 0x00000000c5300000, 0x00000000c5400000|  0%| F|  |TAMS 0x00000000c5300000, 0x00000000c5300000| Untracked 
|  84|0x00000000c5400000, 0x00000000c5400000, 0x00000000c5500000|  0%| F|  |TAMS 0x00000000c5400000, 0x00000000c5400000| Untracked 
|  85|0x00000000c5500000, 0x00000000c5500000, 0x00000000c5600000|  0%| F|  |TAMS 0x00000000c5500000, 0x00000000c5500000| Untracked 
|  86|0x00000000c5600000, 0x00000000c5600000, 0x00000000c5700000|  0%| F|  |TAMS 0x00000000c5600000, 0x00000000c5600000| Untracked 
|  87|0x00000000c5700000, 0x00000000c5700000, 0x00000000c5800000|  0%| F|  |TAMS 0x00000000c5700000, 0x00000000c5700000| Untracked 
|  88|0x00000000c5800000, 0x00000000c5800000, 0x00000000c5900000|  0%| F|  |TAMS 0x00000000c5800000, 0x00000000c5800000| Untracked 
|  89|0x00000000c5900000, 0x00000000c5900000, 0x00000000c5a00000|  0%| F|  |TAMS 0x00000000c5900000, 0x00000000c5900000| Untracked 
|  90|0x00000000c5a00000, 0x00000000c5a00000, 0x00000000c5b00000|  0%| F|  |TAMS 0x00000000c5a00000, 0x00000000c5a00000| Untracked 
|  91|0x00000000c5b00000, 0x00000000c5b00000, 0x00000000c5c00000|  0%| F|  |TAMS 0x00000000c5b00000, 0x00000000c5b00000| Untracked 
|  92|0x00000000c5c00000, 0x00000000c5c26f10, 0x00000000c5d00000| 15%| O|  |TAMS 0x00000000c5c00000, 0x00000000c5c00000| Untracked 
|  93|0x00000000c5d00000, 0x00000000c5d00000, 0x00000000c5e00000|  0%| F|  |TAMS 0x00000000c5d00000, 0x00000000c5d00000| Untracked 
|  94|0x00000000c5e00000, 0x00000000c5e00000, 0x00000000c5f00000|  0%| F|  |TAMS 0x00000000c5e00000, 0x00000000c5e00000| Untracked 
|  95|0x00000000c5f00000, 0x00000000c5f00000, 0x00000000c6000000|  0%| F|  |TAMS 0x00000000c5f00000, 0x00000000c5f00000| Untracked 
|  96|0x00000000c6000000, 0x00000000c6000000, 0x00000000c6100000|  0%| F|  |TAMS 0x00000000c6000000, 0x00000000c6000000| Untracked 
|  97|0x00000000c6100000, 0x00000000c6100000, 0x00000000c6200000|  0%| F|  |TAMS 0x00000000c6100000, 0x00000000c6100000| Untracked 
|  98|0x00000000c6200000, 0x00000000c6200000, 0x00000000c6300000|  0%| F|  |TAMS 0x00000000c6200000, 0x00000000c6200000| Untracked 
|  99|0x00000000c6300000, 0x00000000c6300000, 0x00000000c6400000|  0%| F|  |TAMS 0x00000000c6300000, 0x00000000c6300000| Untracked 
| 100|0x00000000c6400000, 0x00000000c6400000, 0x00000000c6500000|  0%| F|  |TAMS 0x00000000c6400000, 0x00000000c6400000| Untracked 
| 101|0x00000000c6500000, 0x00000000c6500000, 0x00000000c6600000|  0%| F|  |TAMS 0x00000000c6500000, 0x00000000c6500000| Untracked 
| 102|0x00000000c6600000, 0x00000000c6600000, 0x00000000c6700000|  0%| F|  |TAMS 0x00000000c6600000, 0x00000000c6600000| Untracked 
| 103|0x00000000c6700000, 0x00000000c6700000, 0x00000000c6800000|  0%| F|  |TAMS 0x00000000c6700000, 0x00000000c6700000| Untracked 
| 104|0x00000000c6800000, 0x00000000c6800000, 0x00000000c6900000|  0%| F|  |TAMS 0x00000000c6800000, 0x00000000c6800000| Untracked 
| 105|0x00000000c6900000, 0x00000000c6900000, 0x00000000c6a00000|  0%| F|  |TAMS 0x00000000c6900000, 0x00000000c6900000| Untracked 
| 106|0x00000000c6a00000, 0x00000000c6a00000, 0x00000000c6b00000|  0%| F|  |TAMS 0x00000000c6a00000, 0x00000000c6a00000| Untracked 
| 107|0x00000000c6b00000, 0x00000000c6b00000, 0x00000000c6c00000|  0%| F|  |TAMS 0x00000000c6b00000, 0x00000000c6b00000| Untracked 
| 108|0x00000000c6c00000, 0x00000000c6c00000, 0x00000000c6d00000|  0%| F|  |TAMS 0x00000000c6c00000, 0x00000000c6c00000| Untracked 
| 109|0x00000000c6d00000, 0x00000000c6d00000, 0x00000000c6e00000|  0%| F|  |TAMS 0x00000000c6d00000, 0x00000000c6d00000| Untracked 
| 110|0x00000000c6e00000, 0x00000000c6e00000, 0x00000000c6f00000|  0%| F|  |TAMS 0x00000000c6e00000, 0x00000000c6e00000| Untracked 
| 111|0x00000000c6f00000, 0x00000000c6f00000, 0x00000000c7000000|  0%| F|  |TAMS 0x00000000c6f00000, 0x00000000c6f00000| Untracked 
| 112|0x00000000c7000000, 0x00000000c7000000, 0x00000000c7100000|  0%| F|  |TAMS 0x00000000c7000000, 0x00000000c7000000| Untracked 
| 113|0x00000000c7100000, 0x00000000c7100000, 0x00000000c7200000|  0%| F|  |TAMS 0x00000000c7100000, 0x00000000c7100000| Untracked 
| 114|0x00000000c7200000, 0x00000000c7200000, 0x00000000c7300000|  0%| F|  |TAMS 0x00000000c7200000, 0x00000000c7200000| Untracked 
| 115|0x00000000c7300000, 0x00000000c7300000, 0x00000000c7400000|  0%| F|  |TAMS 0x00000000c7300000, 0x00000000c7300000| Untracked 
| 116|0x00000000c7400000, 0x00000000c74058a8, 0x00000000c7500000|  2%| E|  |TAMS 0x00000000c7400000, 0x00000000c7400000| Complete 

Card table byte_map: [0x000001853dfc0000,0x000001853e1c0000] _byte_map_base: 0x000001853d9c0000

Marking Bits (Prev, Next): (CMBitMap*) 0x000001853609ab80, (CMBitMap*) 0x000001853609abc0
 Prev Bits: [0x000001853e3c0000, 0x000001853f3c0000)
 Next Bits: [0x000001853f3c0000, 0x00000185403c0000)

Polling page: 0x0000018536110000

Metaspace:

Usage:
  Non-class:     57.80 MB used.
      Class:      8.78 MB used.
       Both:     66.57 MB used.

Virtual space:
  Non-class space:       64.00 MB reserved,      58.06 MB ( 91%) committed,  1 nodes.
      Class space:        1.00 GB reserved,       9.06 MB ( <1%) committed,  1 nodes.
             Both:        1.06 GB reserved,      67.12 MB (  6%) committed. 

Chunk freelists:
   Non-Class:  5.03 MB
       Class:  7.01 MB
        Both:  12.04 MB

MaxMetaspaceSize: unlimited
CompressedClassSpaceSize: 1.00 GB
Initial GC threshold: 21.00 MB
Current GC threshold: 111.81 MB
CDS: off
MetaspaceReclaimPolicy: balanced
 - commit_granule_bytes: 65536.
 - commit_granule_words: 8192.
 - virtual_space_node_default_size: 8388608.
 - enlarge_chunks_in_place: 1.
 - new_chunks_are_fully_committed: 0.
 - uncommit_free_chunks: 1.
 - use_allocation_guard: 0.
 - handle_deallocations: 1.


Internal statistics:

num_allocs_failed_limit: 6.
num_arena_births: 1476.
num_arena_deaths: 894.
num_vsnodes_births: 2.
num_vsnodes_deaths: 0.
num_space_committed: 1073.
num_space_uncommitted: 0.
num_chunks_returned_to_freelist: 1207.
num_chunks_taken_from_freelist: 4161.
num_chunk_merges: 372.
num_chunk_splits: 2424.
num_chunks_enlarged: 1628.
num_inconsistent_stats: 0.

CodeCache: size=49152Kb used=25668Kb max_used=26722Kb free=23484Kb
 bounds [0x000001853a4e0000, 0x000001853bf10000, 0x000001853d4e0000]
 total_blobs=13834 nmethods=13148 adapters=612
 compilation: enabled
              stopped_count=0, restarted_count=0
 full_count=0

Compilation events (20 events):
Event: 32541.661 Thread 0x00000185470094d0 13421       1       org.springframework.ide.vscode.boot.java.JavaDefinitionHandler::handle (67 bytes)
Event: 32541.690 Thread 0x00000185470094d0 nmethod 13421 0x000001853bcfb090 code [0x000001853bcfb2c0, 0x000001853bcfb908]
Event: 32541.691 Thread 0x00000185470094d0 13424       1       org.springframework.ide.vscode.boot.java.JavaDefinitionHandler::lambda$handle$0 (116 bytes)
Event: 32541.699 Thread 0x00000185470094d0 nmethod 13424 0x000001853bcfa510 code [0x000001853bcfa720, 0x000001853bcfacd8]
Event: 32541.699 Thread 0x00000185470094d0 13422       1       org.springframework.ide.vscode.boot.java.JavaDefinitionHandler$$Lambda$1201/0x000000010079e8e0::<init> (26 bytes)
Event: 32541.699 Thread 0x00000185470094d0 nmethod 13422 0x000001853bcfa090 code [0x000001853bcfa220, 0x000001853bcfa458]
Event: 32541.699 Thread 0x00000185470094d0 13423       1       org.springframework.ide.vscode.boot.java.JavaDefinitionHandler$$Lambda$1201/0x000000010079e8e0::apply (24 bytes)
Event: 32541.699 Thread 0x00000185470094d0 nmethod 13423 0x000001853bcf9c90 code [0x000001853bcf9e20, 0x000001853bcf9f68]
Event: 32541.699 Thread 0x00000185470094d0 13425       1       org.eclipse.jdt.core.dom.CompilationUnit::getPosition (154 bytes)
Event: 32541.700 Thread 0x00000185470094d0 nmethod 13425 0x000001853bcf9690 code [0x000001853bcf9860, 0x000001853bcf9b78]
Event: 32542.123 Thread 0x00000185470094d0 13426       1       org.springframework.ide.vscode.boot.java.value.ValueDefinitionProvider::getDefinitions (61 bytes)
Event: 32542.125 Thread 0x00000185470094d0 nmethod 13426 0x000001853bcf9090 code [0x000001853bcf9260, 0x000001853bcf94f8]
Event: 32542.125 Thread 0x00000185470094d0 13427       1       org.springframework.ide.vscode.boot.java.beans.DependsOnDefinitionProvider::getDefinitions (116 bytes)
Event: 32542.137 Thread 0x00000185470094d0 nmethod 13427 0x000001853bcf8590 code [0x000001853bcf87c0, 0x000001853bcf8ca8]
Event: 32542.137 Thread 0x00000185470094d0 13428       1       org.springframework.ide.vscode.boot.java.beans.ResourceDefinitionProvider::getDefinitions (136 bytes)
Event: 32542.139 Thread 0x00000185470094d0 nmethod 13428 0x000001853bcf7910 code [0x000001853bcf7b80, 0x000001853bcf8148]
Event: 32542.139 Thread 0x00000185470094d0 13429       1       org.springframework.ide.vscode.boot.java.beans.QualifierDefinitionProvider::getDefinitions (116 bytes)
Event: 32542.140 Thread 0x00000185470094d0 nmethod 13429 0x000001853bcf6e10 code [0x000001853bcf7040, 0x000001853bcf7528]
Event: 32748.402 Thread 0x00000185470094d0 13430       1       org.springframework.ide.vscode.boot.app.SpringSymbolIndex::getDocsFromPath (150 bytes)
Event: 32748.408 Thread 0x00000185470094d0 nmethod 13430 0x000001853bcf6210 code [0x000001853bcf6440, 0x000001853bcf69d8]

GC Heap History (20 events):
Event: 32618.616 GC heap after
{Heap after GC invocations=2937 (full 1800):
 garbage-first heap   total 119808K, used 47998K [0x00000000c0000000, 0x0000000100000000)
  region size 1024K, 0 young (0K), 0 survivors (0K)
 Metaspace       used 68171K, committed 68736K, reserved 1114112K
  class space    used 8988K, committed 9280K, reserved 1048576K
}
Event: 32628.815 GC heap before
{Heap before GC invocations=2937 (full 1800):
 garbage-first heap   total 119808K, used 47998K [0x00000000c0000000, 0x0000000100000000)
  region size 1024K, 1 young (1024K), 0 survivors (0K)
 Metaspace       used 68171K, committed 68736K, reserved 1114112K
  class space    used 8988K, committed 9280K, reserved 1048576K
}
Event: 32628.886 GC heap after
{Heap after GC invocations=2938 (full 1801):
 garbage-first heap   total 119808K, used 47998K [0x00000000c0000000, 0x0000000100000000)
  region size 1024K, 0 young (0K), 0 survivors (0K)
 Metaspace       used 68171K, committed 68736K, reserved 1114112K
  class space    used 8988K, committed 9280K, reserved 1048576K
}
Event: 32639.016 GC heap before
{Heap before GC invocations=2938 (full 1801):
 garbage-first heap   total 119808K, used 47998K [0x00000000c0000000, 0x0000000100000000)
  region size 1024K, 1 young (1024K), 0 survivors (0K)
 Metaspace       used 68171K, committed 68736K, reserved 1114112K
  class space    used 8988K, committed 9280K, reserved 1048576K
}
Event: 32639.080 GC heap after
{Heap after GC invocations=2939 (full 1802):
 garbage-first heap   total 119808K, used 47850K [0x00000000c0000000, 0x0000000100000000)
  region size 1024K, 0 young (0K), 0 survivors (0K)
 Metaspace       used 68171K, committed 68736K, reserved 1114112K
  class space    used 8988K, committed 9280K, reserved 1048576K
}
Event: 32649.325 GC heap before
{Heap before GC invocations=2939 (full 1802):
 garbage-first heap   total 119808K, used 47850K [0x00000000c0000000, 0x0000000100000000)
  region size 1024K, 1 young (1024K), 0 survivors (0K)
 Metaspace       used 68171K, committed 68736K, reserved 1114112K
  class space    used 8988K, committed 9280K, reserved 1048576K
}
Event: 32649.389 GC heap after
{Heap after GC invocations=2940 (full 1803):
 garbage-first heap   total 119808K, used 47850K [0x00000000c0000000, 0x0000000100000000)
  region size 1024K, 0 young (0K), 0 survivors (0K)
 Metaspace       used 68171K, committed 68736K, reserved 1114112K
  class space    used 8988K, committed 9280K, reserved 1048576K
}
Event: 32657.836 GC heap before
{Heap before GC invocations=2940 (full 1803):
 garbage-first heap   total 119808K, used 101098K [0x00000000c0000000, 0x0000000100000000)
  region size 1024K, 52 young (53248K), 0 survivors (0K)
 Metaspace       used 68171K, committed 68736K, reserved 1114112K
  class space    used 8988K, committed 9280K, reserved 1048576K
}
Event: 32657.839 GC heap after
{Heap after GC invocations=2941 (full 1803):
 garbage-first heap   total 119808K, used 49651K [0x00000000c0000000, 0x0000000100000000)
  region size 1024K, 2 young (2048K), 2 survivors (2048K)
 Metaspace       used 68171K, committed 68736K, reserved 1114112K
  class space    used 8988K, committed 9280K, reserved 1048576K
}
Event: 32660.036 GC heap before
{Heap before GC invocations=2941 (full 1803):
 garbage-first heap   total 119808K, used 100851K [0x00000000c0000000, 0x0000000100000000)
  region size 1024K, 52 young (53248K), 2 survivors (2048K)
 Metaspace       used 68171K, committed 68736K, reserved 1114112K
  class space    used 8988K, committed 9280K, reserved 1048576K
}
Event: 32660.038 GC heap after
{Heap after GC invocations=2942 (full 1803):
 garbage-first heap   total 119808K, used 48696K [0x00000000c0000000, 0x0000000100000000)
  region size 1024K, 1 young (1024K), 1 survivors (1024K)
 Metaspace       used 68171K, committed 68736K, reserved 1114112K
  class space    used 8988K, committed 9280K, reserved 1048576K
}
Event: 32664.654 GC heap before
{Heap before GC invocations=2942 (full 1803):
 garbage-first heap   total 119808K, used 101944K [0x00000000c0000000, 0x0000000100000000)
  region size 1024K, 53 young (54272K), 1 survivors (1024K)
 Metaspace       used 68171K, committed 68736K, reserved 1114112K
  class space    used 8988K, committed 9280K, reserved 1048576K
}
Event: 32664.657 GC heap after
{Heap after GC invocations=2943 (full 1803):
 garbage-first heap   total 119808K, used 49174K [0x00000000c0000000, 0x0000000100000000)
  region size 1024K, 2 young (2048K), 2 survivors (2048K)
 Metaspace       used 68171K, committed 68736K, reserved 1114112K
  class space    used 8988K, committed 9280K, reserved 1048576K
}
Event: 32693.658 GC heap before
{Heap before GC invocations=2943 (full 1803):
 garbage-first heap   total 119808K, used 101398K [0x00000000c0000000, 0x0000000100000000)
  region size 1024K, 53 young (54272K), 2 survivors (2048K)
 Metaspace       used 68171K, committed 68736K, reserved 1114112K
  class space    used 8988K, committed 9280K, reserved 1048576K
}
Event: 32693.659 GC heap after
{Heap after GC invocations=2944 (full 1803):
 garbage-first heap   total 119808K, used 48668K [0x00000000c0000000, 0x0000000100000000)
  region size 1024K, 1 young (1024K), 1 survivors (1024K)
 Metaspace       used 68171K, committed 68736K, reserved 1114112K
  class space    used 8988K, committed 9280K, reserved 1048576K
}
Event: 32696.484 GC heap before
{Heap before GC invocations=2944 (full 1803):
 garbage-first heap   total 119808K, used 100892K [0x00000000c0000000, 0x0000000100000000)
  region size 1024K, 53 young (54272K), 1 survivors (1024K)
 Metaspace       used 68171K, committed 68736K, reserved 1114112K
  class space    used 8988K, committed 9280K, reserved 1048576K
}
Event: 32696.487 GC heap after
{Heap after GC invocations=2945 (full 1803):
 garbage-first heap   total 119808K, used 49521K [0x00000000c0000000, 0x0000000100000000)
  region size 1024K, 2 young (2048K), 2 survivors (2048K)
 Metaspace       used 68171K, committed 68736K, reserved 1114112K
  class space    used 8988K, committed 9280K, reserved 1048576K
}
Event: 32779.621 GC heap before
{Heap before GC invocations=2945 (full 1803):
 garbage-first heap   total 119808K, used 84337K [0x00000000c0000000, 0x0000000100000000)
  region size 1024K, 37 young (37888K), 2 survivors (2048K)
 Metaspace       used 68171K, committed 68736K, reserved 1114112K
  class space    used 8988K, committed 9280K, reserved 1048576K
}
Event: 32779.667 GC heap after
{Heap after GC invocations=2946 (full 1804):
 garbage-first heap   total 119808K, used 47892K [0x00000000c0000000, 0x0000000100000000)
  region size 1024K, 0 young (0K), 0 survivors (0K)
 Metaspace       used 68171K, committed 68736K, reserved 1114112K
  class space    used 8988K, committed 9280K, reserved 1048576K
}
Event: 32789.743 GC heap before
{Heap before GC invocations=2946 (full 1804):
 garbage-first heap   total 119808K, used 47892K [0x00000000c0000000, 0x0000000100000000)
  region size 1024K, 1 young (1024K), 0 survivors (0K)
 Metaspace       used 68171K, committed 68736K, reserved 1114112K
  class space    used 8988K, committed 9280K, reserved 1048576K
}

Dll operation events (10 events):
Event: 0.023 Loaded shared library c:\Users\N.Sahan\.vscode\extensions\redhat.java-1.38.0-win32-x64\jre\17.0.13-win32-x86_64\bin\java.dll
Event: 0.679 Loaded shared library C:\Users\N.Sahan\.vscode\extensions\redhat.java-1.38.0-win32-x64\jre\17.0.13-win32-x86_64\bin\net.dll
Event: 0.682 Loaded shared library C:\Users\N.Sahan\.vscode\extensions\redhat.java-1.38.0-win32-x64\jre\17.0.13-win32-x86_64\bin\nio.dll
Event: 0.706 Loaded shared library C:\Users\N.Sahan\.vscode\extensions\redhat.java-1.38.0-win32-x64\jre\17.0.13-win32-x86_64\bin\zip.dll
Event: 1.337 Loaded shared library C:\Users\N.Sahan\.vscode\extensions\redhat.java-1.38.0-win32-x64\jre\17.0.13-win32-x86_64\bin\jimage.dll
Event: 3.923 Loaded shared library c:\Users\N.Sahan\.vscode\extensions\redhat.java-1.38.0-win32-x64\jre\17.0.13-win32-x86_64\bin\verify.dll
Event: 7.264 Loaded shared library C:\Users\N.Sahan\.vscode\extensions\redhat.java-1.38.0-win32-x64\jre\17.0.13-win32-x86_64\bin\management.dll
Event: 7.270 Loaded shared library C:\Users\N.Sahan\.vscode\extensions\redhat.java-1.38.0-win32-x64\jre\17.0.13-win32-x86_64\bin\management_ext.dll
Event: 9.389 Loaded shared library C:\Users\N.Sahan\.vscode\extensions\redhat.java-1.38.0-win32-x64\jre\17.0.13-win32-x86_64\bin\sunmscapi.dll
Event: 9.877 Loaded shared library C:\Users\N.Sahan\.vscode\extensions\redhat.java-1.38.0-win32-x64\jre\17.0.13-win32-x86_64\bin\extnet.dll

Deoptimization events (18 events):
Event: 8.534 Thread 0x0000018548868030 DEOPT PACKING pc=0x000001853aab5301 sp=0x00000014432fd6f0
Event: 8.534 Thread 0x0000018548868030 DEOPT UNPACKING pc=0x000001853a537143 sp=0x00000014432fcb80 mode 3
Event: 8.575 Thread 0x0000018548af1b10 DEOPT PACKING pc=0x000001853aa96b17 sp=0x00000014437feec0
Event: 8.575 Thread 0x0000018548af1b10 DEOPT UNPACKING pc=0x000001853a537143 sp=0x00000014437fe318 mode 3
Event: 9.502 Thread 0x0000018548af2a40 DEOPT PACKING pc=0x000001853ad6780c sp=0x0000001443afa8f0
Event: 9.502 Thread 0x0000018548af2a40 DEOPT UNPACKING pc=0x000001853a537143 sp=0x0000001443af9db8 mode 0
Event: 531.609 Thread 0x0000018548868030 DEOPT PACKING pc=0x000001853ab8ae54 sp=0x00000014432feb80
Event: 531.609 Thread 0x0000018548868030 DEOPT UNPACKING pc=0x000001853a537143 sp=0x00000014432fe008 mode 0
Event: 1366.717 Thread 0x0000018548c725c0 DEOPT PACKING pc=0x000001853b12ce3c sp=0x00000014421fe120
Event: 1366.717 Thread 0x0000018548c725c0 DEOPT UNPACKING pc=0x000001853a537143 sp=0x00000014421fd608 mode 0
Event: 2089.980 Thread 0x0000018548c72fe0 DEOPT PACKING pc=0x000001853b1bc426 sp=0x00000014411fdf90
Event: 2089.980 Thread 0x0000018548c72fe0 DEOPT UNPACKING pc=0x000001853a537143 sp=0x00000014411fd518 mode 0
Event: 4563.291 Thread 0x0000018548af3970 DEOPT PACKING pc=0x000001853b73d864 sp=0x0000001443bfe1c0
Event: 4563.292 Thread 0x0000018548af3970 DEOPT UNPACKING pc=0x000001853a537143 sp=0x0000001443bfd7d8 mode 0
Event: 4583.497 Thread 0x0000018548af10f0 DEOPT PACKING pc=0x000001853b671a7c sp=0x00000014410fdd30
Event: 4583.498 Thread 0x0000018548af10f0 DEOPT UNPACKING pc=0x000001853a537143 sp=0x00000014410fd1a8 mode 0
Event: 4818.318 Thread 0x0000018548af10f0 DEOPT PACKING pc=0x000001853b0e6cbe sp=0x00000014410fe420
Event: 4818.318 Thread 0x0000018548af10f0 DEOPT UNPACKING pc=0x000001853a537143 sp=0x00000014410fd9d0 mode 0

Classes loaded (20 events):
Event: 4265.396 Loading class org/w3c/dom/ProcessingInstruction
Event: 4265.397 Loading class org/w3c/dom/ProcessingInstruction done
Event: 4265.399 Loading class org/w3c/dom/Comment
Event: 4265.406 Loading class org/w3c/dom/Comment done
Event: 4265.416 Loading class org/w3c/dom/Entity
Event: 4265.417 Loading class org/w3c/dom/Entity done
Event: 4265.572 Loading class org/w3c/dom/NodeList
Event: 4265.572 Loading class org/w3c/dom/NodeList done
Event: 4265.572 Loading class org/w3c/dom/NamedNodeMap
Event: 4265.572 Loading class org/w3c/dom/NamedNodeMap done
Event: 4265.577 Loading class org/w3c/dom/Attr
Event: 4265.577 Loading class org/w3c/dom/Attr done
Event: 4542.133 Loading class java/util/WeakHashMap$KeyIterator
Event: 4542.134 Loading class java/util/WeakHashMap$KeyIterator done
Event: 4568.757 Loading class java/util/concurrent/locks/AbstractQueuedSynchronizer$SharedNode
Event: 4568.758 Loading class java/util/concurrent/locks/AbstractQueuedSynchronizer$SharedNode done
Event: 21045.504 Loading class java/lang/Throwable$WrappedPrintStream
Event: 21045.510 Loading class java/lang/Throwable$WrappedPrintStream done
Event: 24743.340 Loading class java/util/HashMap$EntrySpliterator
Event: 24743.343 Loading class java/util/HashMap$EntrySpliterator done

Classes unloaded (20 events):
Event: 29708.011 Thread 0x0000018542e6c460 Unloading class 0x0000000100901000 'java/lang/invoke/LambdaForm$MH+0x0000000100901000'
Event: 29708.011 Thread 0x0000018542e6c460 Unloading class 0x0000000100900c00 'java/lang/invoke/LambdaForm$MH+0x0000000100900c00'
Event: 29708.011 Thread 0x0000018542e6c460 Unloading class 0x0000000100900800 'java/lang/invoke/LambdaForm$MH+0x0000000100900800'
Event: 29708.011 Thread 0x0000018542e6c460 Unloading class 0x0000000100900400 'java/lang/invoke/LambdaForm$MH+0x0000000100900400'
Event: 29708.011 Thread 0x0000018542e6c460 Unloading class 0x0000000100900000 'java/lang/invoke/LambdaForm$MH+0x0000000100900000'
Event: 29708.011 Thread 0x0000018542e6c460 Unloading class 0x00000001007e0400 'java/lang/invoke/LambdaForm$MH+0x00000001007e0400'
Event: 30589.851 Thread 0x0000018542e6c460 Unloading class 0x00000001007e0000 'jdk/internal/reflect/GeneratedConstructorAccessor215'
Event: 30589.852 Thread 0x0000018542e6c460 Unloading class 0x00000001007e8400 'jdk/internal/reflect/GeneratedMethodAccessor143'
Event: 30589.852 Thread 0x0000018542e6c460 Unloading class 0x00000001007e8000 'jdk/internal/reflect/GeneratedConstructorAccessor214'
Event: 30589.853 Thread 0x0000018542e6c460 Unloading class 0x00000001007dd400 'jdk/internal/reflect/GeneratedConstructorAccessor213'
Event: 30589.853 Thread 0x0000018542e6c460 Unloading class 0x00000001007dd000 'jdk/internal/reflect/GeneratedConstructorAccessor212'
Event: 30589.853 Thread 0x0000018542e6c460 Unloading class 0x00000001007e9c00 'jdk/internal/reflect/GeneratedConstructorAccessor211'
Event: 30589.853 Thread 0x0000018542e6c460 Unloading class 0x00000001007e9800 'jdk/internal/reflect/GeneratedConstructorAccessor210'
Event: 30589.853 Thread 0x0000018542e6c460 Unloading class 0x00000001007ddc00 'jdk/internal/reflect/GeneratedMethodAccessor142'
Event: 30589.853 Thread 0x0000018542e6c460 Unloading class 0x00000001007dc800 'jdk/internal/reflect/GeneratedConstructorAccessor209'
Event: 30589.853 Thread 0x0000018542e6c460 Unloading class 0x00000001007d2400 'jdk/internal/reflect/GeneratedMethodAccessor141'
Event: 30589.853 Thread 0x0000018542e6c460 Unloading class 0x00000001007ba000 'jdk/internal/reflect/GeneratedConstructorAccessor208'
Event: 30589.853 Thread 0x0000018542e6c460 Unloading class 0x00000001007ea000 'jdk/internal/reflect/GeneratedMethodAccessor140'
Event: 30589.853 Thread 0x0000018542e6c460 Unloading class 0x0000000100825c00 'jdk/internal/reflect/GeneratedMethodAccessor139'
Event: 30589.853 Thread 0x0000018542e6c460 Unloading class 0x00000001007e1800 'jdk/internal/reflect/GeneratedMethodAccessor138'

Classes redefined (0 events):
No events

Internal exceptions (20 events):
Event: 32748.399 Thread 0x0000018548ad00b0 Exception <a 'sun/nio/fs/WindowsException'{0x00000000c52b9ec0}> (0x00000000c52b9ec0) 
thrown [s\src\hotspot\share\prims\jni.cpp, line 516]
Event: 32748.399 Thread 0x0000018548ad00b0 Exception <a 'sun/nio/fs/WindowsException'{0x00000000c52ba568}> (0x00000000c52ba568) 
thrown [s\src\hotspot\share\prims\jni.cpp, line 516]
Event: 32748.399 Thread 0x0000018548ad00b0 Exception <a 'sun/nio/fs/WindowsException'{0x00000000c52bd600}> (0x00000000c52bd600) 
thrown [s\src\hotspot\share\prims\jni.cpp, line 516]
Event: 32748.399 Thread 0x0000018548ad00b0 Exception <a 'sun/nio/fs/WindowsException'{0x00000000c52bdce8}> (0x00000000c52bdce8) 
thrown [s\src\hotspot\share\prims\jni.cpp, line 516]
Event: 32748.399 Thread 0x0000018548ad00b0 Exception <a 'sun/nio/fs/WindowsException'{0x00000000c52becb8}> (0x00000000c52becb8) 
thrown [s\src\hotspot\share\prims\jni.cpp, line 516]
Event: 32748.399 Thread 0x0000018548ad00b0 Exception <a 'sun/nio/fs/WindowsException'{0x00000000c52bf348}> (0x00000000c52bf348) 
thrown [s\src\hotspot\share\prims\jni.cpp, line 516]
Event: 32748.400 Thread 0x0000018548ad00b0 Exception <a 'sun/nio/fs/WindowsException'{0x00000000c52c1858}> (0x00000000c52c1858) 
thrown [s\src\hotspot\share\prims\jni.cpp, line 516]
Event: 32748.400 Thread 0x0000018548ad00b0 Exception <a 'sun/nio/fs/WindowsException'{0x00000000c52c1e40}> (0x00000000c52c1e40) 
thrown [s\src\hotspot\share\prims\jni.cpp, line 516]
Event: 32748.400 Thread 0x0000018548ad00b0 Exception <a 'sun/nio/fs/WindowsException'{0x00000000c52c3458}> (0x00000000c52c3458) 
thrown [s\src\hotspot\share\prims\jni.cpp, line 516]
Event: 32748.400 Thread 0x0000018548ad00b0 Exception <a 'sun/nio/fs/WindowsException'{0x00000000c52c3b30}> (0x00000000c52c3b30) 
thrown [s\src\hotspot\share\prims\jni.cpp, line 516]
Event: 32748.400 Thread 0x0000018548ad00b0 Exception <a 'sun/nio/fs/WindowsException'{0x00000000c52c4a48}> (0x00000000c52c4a48) 
thrown [s\src\hotspot\share\prims\jni.cpp, line 516]
Event: 32748.400 Thread 0x0000018548ad00b0 Exception <a 'sun/nio/fs/WindowsException'{0x00000000c52c5198}> (0x00000000c52c5198) 
thrown [s\src\hotspot\share\prims\jni.cpp, line 516]
Event: 32748.400 Thread 0x0000018548ad00b0 Exception <a 'sun/nio/fs/WindowsException'{0x00000000c52c5bf8}> (0x00000000c52c5bf8) 
thrown [s\src\hotspot\share\prims\jni.cpp, line 516]
Event: 32748.400 Thread 0x0000018548ad00b0 Exception <a 'sun/nio/fs/WindowsException'{0x00000000c52c62a0}> (0x00000000c52c62a0) 
thrown [s\src\hotspot\share\prims\jni.cpp, line 516]
Event: 32748.400 Thread 0x0000018548ad00b0 Exception <a 'sun/nio/fs/WindowsException'{0x00000000c52c77f0}> (0x00000000c52c77f0) 
thrown [s\src\hotspot\share\prims\jni.cpp, line 516]
Event: 32748.400 Thread 0x0000018548ad00b0 Exception <a 'sun/nio/fs/WindowsException'{0x00000000c52c7eb0}> (0x00000000c52c7eb0) 
thrown [s\src\hotspot\share\prims\jni.cpp, line 516]
Event: 32749.187 Thread 0x0000018548ad00b0 Exception <a 'sun/nio/fs/WindowsException'{0x00000000c52e98c8}> (0x00000000c52e98c8) 
thrown [s\src\hotspot\share\prims\jni.cpp, line 516]
Event: 32749.187 Thread 0x0000018548ad00b0 Exception <a 'sun/nio/fs/WindowsException'{0x00000000c52e9f70}> (0x00000000c52e9f70) 
thrown [s\src\hotspot\share\prims\jni.cpp, line 516]
Event: 32749.187 Thread 0x0000018548ad00b0 Exception <a 'sun/nio/fs/WindowsException'{0x00000000c52eaf28}> (0x00000000c52eaf28) 
thrown [s\src\hotspot\share\prims\jni.cpp, line 516]
Event: 32749.187 Thread 0x0000018548ad00b0 Exception <a 'sun/nio/fs/WindowsException'{0x00000000c52eb610}> (0x00000000c52eb610) 
thrown [s\src\hotspot\share\prims\jni.cpp, line 516]

VM Operations (20 events):
Event: 32628.886 Executing VM operation: G1CollectFull done
Event: 32639.016 Executing VM operation: G1CollectFull
Event: 32639.080 Executing VM operation: G1CollectFull done
Event: 32649.325 Executing VM operation: G1CollectFull
Event: 32649.389 Executing VM operation: G1CollectFull done
Event: 32657.836 Executing VM operation: G1CollectForAllocation
Event: 32657.839 Executing VM operation: G1CollectForAllocation done
Event: 32660.036 Executing VM operation: G1CollectForAllocation
Event: 32660.038 Executing VM operation: G1CollectForAllocation done
Event: 32664.653 Executing VM operation: G1CollectForAllocation
Event: 32664.657 Executing VM operation: G1CollectForAllocation done
Event: 32693.658 Executing VM operation: G1CollectForAllocation
Event: 32693.659 Executing VM operation: G1CollectForAllocation done
Event: 32696.484 Executing VM operation: G1CollectForAllocation
Event: 32696.488 Executing VM operation: G1CollectForAllocation done
Event: 32712.805 Executing VM operation: HandshakeAllThreads
Event: 32712.805 Executing VM operation: HandshakeAllThreads done
Event: 32779.621 Executing VM operation: G1CollectFull
Event: 32779.667 Executing VM operation: G1CollectFull done
Event: 32789.743 Executing VM operation: G1CollectFull

Memory protections (0 events):
No events

Nmethod flushes (20 events):
Event: 20158.437 Thread 0x0000018547009ed0 flushing  nmethod 0x000001853b524190
Event: 20158.438 Thread 0x0000018547009ed0 flushing  nmethod 0x000001853b5c6810
Event: 20158.438 Thread 0x0000018547009ed0 flushing  nmethod 0x000001853b5e9810
Event: 20158.438 Thread 0x0000018547009ed0 flushing  nmethod 0x000001853b671490
Event: 20158.439 Thread 0x0000018547009ed0 flushing  nmethod 0x000001853b722810
Event: 20158.439 Thread 0x0000018547009ed0 flushing  nmethod 0x000001853b73c790
Event: 20158.439 Thread 0x0000018547009ed0 flushing  nmethod 0x000001853b79fa10
Event: 20158.440 Thread 0x0000018547009ed0 flushing  nmethod 0x000001853b808590
Event: 20158.440 Thread 0x0000018547009ed0 flushing  nmethod 0x000001853b810010
Event: 20158.440 Thread 0x0000018547009ed0 flushing  nmethod 0x000001853b82c290
Event: 20158.440 Thread 0x0000018547009ed0 flushing  nmethod 0x000001853b82f690
Event: 20158.440 Thread 0x0000018547009ed0 flushing  nmethod 0x000001853b833290
Event: 20158.440 Thread 0x0000018547009ed0 flushing  nmethod 0x000001853b88ff10
Event: 20158.440 Thread 0x0000018547009ed0 flushing  nmethod 0x000001853b896f90
Event: 20158.440 Thread 0x0000018547009ed0 flushing  nmethod 0x000001853b8a8290
Event: 20158.440 Thread 0x0000018547009ed0 flushing  nmethod 0x000001853b8b4f10
Event: 20158.441 Thread 0x0000018547009ed0 flushing  nmethod 0x000001853b8de990
Event: 20158.441 Thread 0x0000018547009ed0 flushing  nmethod 0x000001853b8f5c90
Event: 20158.441 Thread 0x0000018547009ed0 flushing  nmethod 0x000001853b99a810
Event: 20158.441 Thread 0x0000018547009ed0 flushing  nmethod 0x000001853b9ae210

Events (20 events):
Event: 32564.031 Thread 0x0000018548bd4fd0 Thread added: 0x0000018548bce070
Event: 32565.335 Thread 0x0000018548bd4fd0 Thread added: 0x0000018548bd59f0
Event: 32565.945 Thread 0x0000018548bd4fd0 Thread added: 0x0000018548bd40a0
Event: 32567.434 Thread 0x0000018548bd40a0 Thread added: 0x0000018548bcea90
Event: 32568.221 Thread 0x0000018548bd40a0 Thread added: 0x0000018548bd2240
Event: 32608.654 Thread 0x0000018548bd3680 Thread exited: 0x0000018548bd3680
Event: 32633.828 Thread 0x0000018548bd1820 Thread exited: 0x0000018548bd1820
Event: 32634.439 Thread 0x0000018548bd08f0 Thread exited: 0x0000018548bd08f0
Event: 32634.845 Thread 0x0000018548bd40a0 Thread exited: 0x0000018548bd40a0
Event: 32634.904 Thread 0x0000018548bd4ac0 Thread exited: 0x0000018548bd4ac0
Event: 32634.909 Thread 0x0000018548bcf4b0 Thread exited: 0x0000018548bcf4b0
Event: 32649.389 Thread 0x0000018548868030 Thread added: 0x0000018548bd2c60
Event: 32649.390 Thread 0x0000018548bd2c60 Thread added: 0x0000018548bd3170
Event: 32649.852 Thread 0x0000018548bd2240 Thread added: 0x0000018548bd1820
Event: 32654.700 Thread 0x0000018548bd2240 Thread added: 0x0000018548bcf4b0
Event: 32658.632 Thread 0x0000018548868030 Thread added: 0x0000018548bd2750
Event: 32755.837 Thread 0x0000018548bd2c60 Thread exited: 0x0000018548bd2c60
Event: 32757.354 Thread 0x0000018548bd2240 Thread exited: 0x0000018548bd2240
Event: 32757.395 Thread 0x0000018548bd3170 Thread exited: 0x0000018548bd3170
Event: 32757.452 Thread 0x0000018548bd2750 Thread exited: 0x0000018548bd2750


Dynamic libraries:
0x00007ff6a6c50000 - 0x00007ff6a6c5e000 	c:\Users\N.Sahan\.vscode\extensions\redhat.java-1.38.0-win32-x64\jre\17.0.13-win32-x86_64\bin\java.exe
0x00007ffd649b0000 - 0x00007ffd64ba8000 	C:\Windows\SYSTEM32\ntdll.dll
0x00007ffd63fa0000 - 0x00007ffd64062000 	C:\Windows\System32\KERNEL32.DLL
0x00007ffd62630000 - 0x00007ffd6292e000 	C:\Windows\System32\KERNELBASE.dll
0x00007ffd62320000 - 0x00007ffd62420000 	C:\Windows\System32\ucrtbase.dll
0x00007ffd41400000 - 0x00007ffd41417000 	c:\Users\N.Sahan\.vscode\extensions\redhat.java-1.38.0-win32-x64\jre\17.0.13-win32-x86_64\bin\jli.dll
0x00007ffd63b70000 - 0x00007ffd63d0d000 	C:\Windows\System32\USER32.dll
0x00007ffd629a0000 - 0x00007ffd629c2000 	C:\Windows\System32\win32u.dll
0x00007ffd64550000 - 0x00007ffd6457b000 	C:\Windows\System32\GDI32.dll
0x00007ffd62050000 - 0x00007ffd62167000 	C:\Windows\System32\gdi32full.dll
0x00007ffd62250000 - 0x00007ffd622ed000 	C:\Windows\System32\msvcp_win.dll
0x00007ffd3aad0000 - 0x00007ffd3aaee000 	c:\Users\N.Sahan\.vscode\extensions\redhat.java-1.38.0-win32-x64\jre\17.0.13-win32-x86_64\bin\VCRUNTIME140.dll
0x00007ffd49710000 - 0x00007ffd499aa000 	C:\Windows\WinSxS\amd64_microsoft.windows.common-controls_6595b64144ccf1df_6.0.19041.4355_none_60b8b9eb71f62e16\COMCTL32.dll
0x00007ffd64140000 - 0x00007ffd641de000 	C:\Windows\System32\msvcrt.dll
0x00007ffd64250000 - 0x00007ffd6427f000 	C:\Windows\System32\IMM32.DLL
0x00007ffd5a760000 - 0x00007ffd5a76c000 	c:\Users\N.Sahan\.vscode\extensions\redhat.java-1.38.0-win32-x64\jre\17.0.13-win32-x86_64\bin\vcruntime140_1.dll
0x00007ffd24b70000 - 0x00007ffd24bfd000 	c:\Users\N.Sahan\.vscode\extensions\redhat.java-1.38.0-win32-x64\jre\17.0.13-win32-x86_64\bin\msvcp140.dll
0x00007ffcd8760000 - 0x00007ffcd93cb000 	c:\Users\N.Sahan\.vscode\extensions\redhat.java-1.38.0-win32-x64\jre\17.0.13-win32-x86_64\bin\server\jvm.dll
0x00007ffd62a60000 - 0x00007ffd62b11000 	C:\Windows\System32\ADVAPI32.dll
0x00007ffd62b30000 - 0x00007ffd62bcf000 	C:\Windows\System32\sechost.dll
0x00007ffd63df0000 - 0x00007ffd63f13000 	C:\Windows\System32\RPCRT4.dll
0x00007ffd622f0000 - 0x00007ffd62317000 	C:\Windows\System32\bcrypt.dll
0x00007ffd640d0000 - 0x00007ffd6413b000 	C:\Windows\System32\WS2_32.dll
0x00007ffd4b980000 - 0x00007ffd4b9a7000 	C:\Windows\SYSTEM32\WINMM.dll
0x00007ffd59c40000 - 0x00007ffd59c4a000 	C:\Windows\SYSTEM32\VERSION.dll
0x00007ffd61560000 - 0x00007ffd615ab000 	C:\Windows\SYSTEM32\POWRPROF.dll
0x00007ffd61420000 - 0x00007ffd61432000 	C:\Windows\SYSTEM32\UMPDC.dll
0x00007ffd60810000 - 0x00007ffd60822000 	C:\Windows\SYSTEM32\kernel.appcore.dll
0x00007ffd507a0000 - 0x00007ffd507aa000 	c:\Users\N.Sahan\.vscode\extensions\redhat.java-1.38.0-win32-x64\jre\17.0.13-win32-x86_64\bin\jimage.dll
0x00007ffd5cbd0000 - 0x00007ffd5cdb4000 	C:\Windows\SYSTEM32\DBGHELP.DLL
0x00007ffd34270000 - 0x00007ffd342a4000 	C:\Windows\SYSTEM32\dbgcore.DLL
0x00007ffd62170000 - 0x00007ffd621f2000 	C:\Windows\System32\bcryptPrimitives.dll
0x00007ffd38d10000 - 0x00007ffd38d35000 	c:\Users\N.Sahan\.vscode\extensions\redhat.java-1.38.0-win32-x64\jre\17.0.13-win32-x86_64\bin\java.dll
0x00007ffd390d0000 - 0x00007ffd390e8000 	c:\Users\N.Sahan\.vscode\extensions\redhat.java-1.38.0-win32-x64\jre\17.0.13-win32-x86_64\bin\zip.dll
0x00007ffd62ee0000 - 0x00007ffd6364d000 	C:\Windows\System32\SHELL32.dll
0x00007ffd60020000 - 0x00007ffd607c4000 	C:\Windows\SYSTEM32\windows.storage.dll
0x00007ffd64580000 - 0x00007ffd648d3000 	C:\Windows\System32\combase.dll
0x00007ffd61a80000 - 0x00007ffd61aae000 	C:\Windows\SYSTEM32\Wldp.dll
0x00007ffd62e10000 - 0x00007ffd62edd000 	C:\Windows\System32\OLEAUT32.dll
0x00007ffd62bd0000 - 0x00007ffd62c7d000 	C:\Windows\System32\SHCORE.dll
0x00007ffd63f20000 - 0x00007ffd63f75000 	C:\Windows\System32\shlwapi.dll
0x00007ffd61f80000 - 0x00007ffd61fa4000 	C:\Windows\SYSTEM32\profapi.dll
0x00007ffd38e30000 - 0x00007ffd38e49000 	C:\Users\N.Sahan\.vscode\extensions\redhat.java-1.38.0-win32-x64\jre\17.0.13-win32-x86_64\bin\net.dll
0x00007ffd57d00000 - 0x00007ffd57e0d000 	C:\Windows\SYSTEM32\WINHTTP.dll
0x00007ffd617c0000 - 0x00007ffd6182a000 	C:\Windows\system32\mswsock.dll
0x00007ffd38840000 - 0x00007ffd38856000 	C:\Users\N.Sahan\.vscode\extensions\redhat.java-1.38.0-win32-x64\jre\17.0.13-win32-x86_64\bin\nio.dll
0x00007ffd408a0000 - 0x00007ffd408b0000 	c:\Users\N.Sahan\.vscode\extensions\redhat.java-1.38.0-win32-x64\jre\17.0.13-win32-x86_64\bin\verify.dll
0x00007ffd619e0000 - 0x00007ffd619f8000 	C:\Windows\SYSTEM32\CRYPTSP.dll
0x00007ffd61050000 - 0x00007ffd61084000 	C:\Windows\system32\rsaenh.dll
0x00007ffd61f00000 - 0x00007ffd61f2e000 	C:\Windows\SYSTEM32\USERENV.dll
0x00007ffd619d0000 - 0x00007ffd619dc000 	C:\Windows\SYSTEM32\CRYPTBASE.dll
0x00007ffd61440000 - 0x00007ffd6147b000 	C:\Windows\SYSTEM32\IPHLPAPI.DLL
0x00007ffd62b20000 - 0x00007ffd62b28000 	C:\Windows\System32\NSI.dll
0x00007ffd57700000 - 0x00007ffd57717000 	C:\Windows\SYSTEM32\dhcpcsvc6.DLL
0x00007ffd58f70000 - 0x00007ffd58f8d000 	C:\Windows\SYSTEM32\dhcpcsvc.DLL
0x00007ffd61480000 - 0x00007ffd6154a000 	C:\Windows\SYSTEM32\DNSAPI.dll
0x00007ffd40850000 - 0x00007ffd4085a000 	C:\Users\N.Sahan\.vscode\extensions\redhat.java-1.38.0-win32-x64\jre\17.0.13-win32-x86_64\bin\management.dll
0x00007ffd3ab60000 - 0x00007ffd3ab6b000 	C:\Users\N.Sahan\.vscode\extensions\redhat.java-1.38.0-win32-x64\jre\17.0.13-win32-x86_64\bin\management_ext.dll
0x00007ffd648e0000 - 0x00007ffd648e8000 	C:\Windows\System32\PSAPI.DLL
0x00007ffd3ab30000 - 0x00007ffd3ab3e000 	C:\Users\N.Sahan\.vscode\extensions\redhat.java-1.38.0-win32-x64\jre\17.0.13-win32-x86_64\bin\sunmscapi.dll
0x00007ffd624d0000 - 0x00007ffd6262c000 	C:\Windows\System32\CRYPT32.dll
0x00007ffd61af0000 - 0x00007ffd61b17000 	C:\Windows\SYSTEM32\ncrypt.dll
0x00007ffd61ab0000 - 0x00007ffd61aeb000 	C:\Windows\SYSTEM32\NTASN1.dll
0x00007ffd58f60000 - 0x00007ffd58f6a000 	C:\Windows\System32\rasadhlp.dll
0x00007ffd55740000 - 0x00007ffd557c0000 	C:\Windows\System32\fwpuclnt.dll
0x00007ffd38830000 - 0x00007ffd38839000 	C:\Users\N.Sahan\.vscode\extensions\redhat.java-1.38.0-win32-x64\jre\17.0.13-win32-x86_64\bin\extnet.dll

dbghelp: loaded successfully - version: 4.0.5 - missing functions: none
symbol engine: initialized successfully - sym options: 0x614 - pdb path: .;c:\Users\N.Sahan\.vscode\extensions\redhat.java-1.38.0-win32-x64\jre\17.0.13-win32-x86_64\bin;C:\Windows\SYSTEM32;C:\Windows\WinSxS\amd64_microsoft.windows.common-controls_6595b64144ccf1df_6.0.19041.4355_none_60b8b9eb71f62e16;c:\Users\N.Sahan\.vscode\extensions\redhat.java-1.38.0-win32-x64\jre\17.0.13-win32-x86_64\bin\server

VM Arguments:
jvm_args: -Xmx1024m -Dsts.lsp.client=vscode -Dsts.log.file=/dev/null -XX:TieredStopAtLevel=1 -Xlog:jni+resolve=off -Dspring.config.location=file:c:\Users\N.Sahan\.vscode\extensions\vmware.vscode-spring-boot-1.56.0\language-server\BOOT-INF\classes\application.properties 
java_command: org.springframework.ide.vscode.boot.app.BootLanguageServerBootApp
java_class_path (initial): c:\Users\N.Sahan\.vscode\extensions\vmware.vscode-spring-boot-1.56.0\language-server\BOOT-INF\classes;c:\Users\N.Sahan\.vscode\extensions\vmware.vscode-spring-boot-1.56.0\language-server\BOOT-INF\lib\annotations-24.1.0.jar;c:\Users\N.Sahan\.vscode\extensions\vmware.vscode-spring-boot-1.56.0\language-server\BOOT-INF\lib\antlr4-runtime-4.13.1.jar;c:\Users\N.Sahan\.vscode\extensions\vmware.vscode-spring-boot-1.56.0\language-server\BOOT-INF\lib\asm-9.7.jar;c:\Users\N.Sahan\.vscode\extensions\vmware.vscode-spring-boot-1.56.0\language-server\BOOT-INF\lib\asm-analysis-9.7.jar;c:\Users\N.Sahan\.vscode\extensions\vmware.vscode-spring-boot-1.56.0\language-server\BOOT-INF\lib\asm-tree-9.7.jar;c:\Users\N.Sahan\.vscode\extensions\vmware.vscode-spring-boot-1.56.0\language-server\BOOT-INF\lib\asm-util-9.7.jar;c:\Users\N.Sahan\.vscode\extensions\vmware.vscode-spring-boot-1.56.0\language-server\BOOT-INF\lib\caffeine-3.1.8.jar;c:\Users\N.Sahan\.vscode\extensions\vmware.vscode-spring-boot-1.56.0\language-server\BOOT-INF\lib\checker-qual-3.12.0.jar;c:\Users\N.Sahan\.vscode\extensions\vmware.vscode-spring-boot-1.56.0\language-server\BOOT-INF\lib\classgraph-4.8.149.jar;c:\Users\N.Sahan\.vscode\extensions\vmware.vscode-spring-boot-1.56.0\language-server\BOOT-INF\lib\commons-codec-1.16.1.jar;c:\Users\N.Sahan\.vscode\extensions\vmware.vscode-spring-boot-1.56.0\language-server\BOOT-INF\lib\commons-compress-1.26.2.jar;c:\Users\N.Sahan\.vscode\extensions\vmware.vscode-spring-boot-1.56.0\language-server\BOOT-INF\lib\commons-io-2.16.1.jar;c:\Users\N.Sahan\.vscode\extensions\vmware.vscode-spring-boot-1.56.0\language-server\BOOT-INF\lib\commons-java-1.56.0-SNAPSHOT.jar;c:\Users\N.Sahan\.vscode\extensions\vmware.vscode-spring-boot-1.56.0\language-server\BOOT-INF\lib\commons-lang3-3.14.0.jar;c:\Users\N.Sahan\.vscode\extensions\vmware.vscode-spring-boot-1.56.0\language-server\BOOT-INF\lib\commons-language-server-1.56.0-SNAPSHOT.jar;c:\Users\N.Sahan\.vscode\extensions\vmwa
Launcher Type: SUN_STANDARD

[Global flags]
     intx CICompilerCount                          = 4                                         {product} {ergonomic}
     uint ConcGCThreads                            = 2                                         {product} {ergonomic}
     uint G1ConcRefinementThreads                  = 8                                         {product} {ergonomic}
   size_t G1HeapRegionSize                         = 1048576                                   {product} {ergonomic}
    uintx GCDrainStackTargetSize                   = 64                                        {product} {ergonomic}
   size_t InitialHeapSize                          = 132120576                                 {product} {ergonomic}
   size_t MarkStackSize                            = 4194304                                   {product} {ergonomic}
   size_t MaxHeapSize                              = 1073741824                                {product} {command line}
   size_t MaxNewSize                               = 643825664                                 {product} {ergonomic}
   size_t MinHeapDeltaBytes                        = 1048576                                   {product} {ergonomic}
   size_t MinHeapSize                              = 8388608                                   {product} {ergonomic}
    uintx NonProfiledCodeHeapSize                  = 0                                      {pd product} {ergonomic}
     bool ProfileInterpreter                       = false                                  {pd product} {command line}
    uintx ProfiledCodeHeapSize                     = 0                                      {pd product} {ergonomic}
   size_t SoftMaxHeapSize                          = 1073741824                             {manageable} {ergonomic}
     intx TieredStopAtLevel                        = 1                                         {product} {command line}
     bool UseCompressedClassPointers               = true                           {product lp64_product} {ergonomic}
     bool UseCompressedOops                        = true                           {product lp64_product} {ergonomic}
     bool UseG1GC                                  = true                                      {product} {ergonomic}
     bool UseLargePagesIndividualAllocation        = false                                  {pd product} {ergonomic}

Logging:
Log output configuration:
 #0: stdout all=warning,jni+resolve=off uptime,level,tags
 #1: stderr all=off uptime,level,tags

Environment Variables:
PATH=C:\Program Files\Common Files\Oracle\Java\javapath;C:\Program Files (x86)\Common Files\Oracle\Java\java8path;C:\Program Files (x86)\Common Files\Oracle\Java\javapath;C:\Windows\system32;C:\Windows;C:\Windows\System32\Wbem;C:\Windows\System32\WindowsPowerShell\v1.0\;C:\Windows\System32\OpenSSH\;C:\Program Files\dotnet\;C:\Program Files\Java\jdk-21\bin;C:\Program Files\MPICH2\bin;C:\Program Files\Git\bin;C:\xampp\xamp\php;C:\composer;C:\Program Files\Microsoft SQL Server\130\Tools\Binn\;C:\Program Files\Microsoft SQL Server\150\Tools\Binn\;C:\Program Files\Microsoft SQL Server\Client SDK\ODBC\170\Tools\Binn\;C:\Program Files (x86)\Microsoft SQL Server\160\Tools\Binn\;C:\Program Files\Microsoft SQL Server\160\Tools\Binn\;C:\Program Files\Microsoft SQL Server\160\DTS\Binn\;C:\Program Files (x86)\Microsoft SQL Server\160\DTS\Binn\;C:\Program Files (x86)\Windows Kits\10\Windows Performance Toolkit\;C:\Protoc\bin;C:\Program Files\nodejs\;C:\ProgramData\chocolatey\bin;C:\MinGW\bin;C:\Users\N.Sahan;C:\flutter\bin;D:\;C:\Users\N.Sahan\AppData\Local\Programs\Python\Python312\Scripts\;C:\Users\N.Sahan\AppData\Local\Programs\Python\Python312\;C:\Users\N.Sahan\AppData\Local\Programs\Python\Python311\Scripts\;C:\Users\N.Sahan\AppData\Local\Programs\Python\Python311\;C:\Users\N.Sahan\AppData\Local\Microsoft\WindowsApps;C:\Users\N.Sahan\.dotnet\tools;D:\New folder (7)\IntelliJ IDEA 2024.3.1\bin;;C:\Users\N.Sahan\AppData\Local\GitHubDesktop\bin;C:\Users\N.Sahan\AppData\Local\Programs\Microsoft VS Code\bin;C:\Users\N.Sahan\AppData\Local\ComposerSetup\bin;C:\Users\N.Sahan\AppData\Roaming\Composer\vendor\bin;C:\xampp\htdocs\Project\New folder;C:\xampp\xamp\htdocs\Projects\OTP-login;C:\Program Files\Git\bin;C:\Program Files\Git\cmd;C:\Users\N.Sahan\AppData\Roaming\npm;C:\Users\N.Sahan\AppData\Local\Pub\Cache\bin;;D:\New folder (7)\IntelliJ IDEA Community Edition 2024.3.1\bin;
USERNAME=N.Sahan
OS=Windows_NT
PROCESSOR_IDENTIFIER=Intel64 Family 6 Model 142 Stepping 12, GenuineIntel
TMP=C:\Users\NB5C6~1.SAH\AppData\Local\Temp
TEMP=C:\Users\NB5C6~1.SAH\AppData\Local\Temp



Periodic native trim disabled


---------------  S Y S T E M  ---------------

OS:
 Windows 10 , 64 bit Build 19041 (10.0.19041.5072)
OS uptime: 3 days 3:57 hours
Hyper-V role detected

CPU: total 8 (initial active 8) (4 cores per cpu, 2 threads per core) family 6 model 142 stepping 12 microcode 0xde, cx8, cmov, fxsr, ht, mmx, 3dnowpref, sse, sse2, sse3, ssse3, sse4.1, sse4.2, popcnt, lzcnt, tsc, tscinvbit, avx, avx2, aes, erms, clmul, bmi1, bmi2, adx, fma, vzeroupper, clflush, clflushopt, hv
Processor Information for all 8 processors :
  Max Mhz: 2112, Current Mhz: 1609, Mhz Limit: 1605

Memory: 4k page, system-wide physical 8042M (574M free)
TotalPageFile size 17407M (AvailPageFile size 20M)
current process WorkingSet (physical memory assigned to process): 172M, peak: 391M
current process commit charge ("private bytes"): 318M, peak: 550M

vm_info: OpenJDK 64-Bit Server VM (17.0.13+11) for windows-amd64 JRE (17.0.13+11), built on Oct 16 2024 00:10:08 by "admin" with MS VC++ 17.7 (VS2022)

END.
